2013-09-03 00:01:50 [localhost-startStop-1] [INFO ] [o.s.c.s.PropertySourcesPlaceholderConfigurer    ] - Loading properties file from file [/Users/mason/SCM/freeedu/service/FEOP/FEOPServer/FEOPServerBlog/target/classes/META-INF/spring/application.properties]
2013-09-03 00:01:50 [localhost-startStop-1] [INFO ] [o.s.c.s.PropertySourcesPlaceholderConfigurer    ] - Loading properties file from file [/Users/mason/SCM/freeedu/service/FEOP/FEOPServer/FEOPServerBlog/target/classes/META-INF/spring/blog-infra.properties]
2013-09-03 00:01:50 [localhost-startStop-1] [INFO ] [o.s.c.s.PropertySourcesPlaceholderConfigurer    ] - Loading properties file from file [/Users/mason/SCM/freeedu/service/FEOP/FEOPServer/FEOPServerBlog/target/classes/META-INF/spring/blog-oauth.properties]
2013-09-03 00:01:52 [localhost-startStop-1] [INFO ] [o.h.e.t.internal.TransactionFactoryInitiator    ] - HHH000268: Transaction strategy: org.hibernate.engine.transaction.internal.jdbc.JdbcTransactionFactory
2013-09-03 00:01:52 [localhost-startStop-1] [INFO ] [org.hibernate.tool.hbm2ddl.SchemaUpdate         ] - HHH000228: Running hbm2ddl schema update
2013-09-03 00:01:52 [localhost-startStop-1] [INFO ] [org.hibernate.tool.hbm2ddl.SchemaUpdate         ] - HHH000102: Fetching database metadata
2013-09-03 00:01:52 [localhost-startStop-1] [INFO ] [org.hibernate.tool.hbm2ddl.SchemaUpdate         ] - HHH000396: Updating schema
2013-09-03 00:01:53 [localhost-startStop-1] [INFO ] [org.hibernate.tool.hbm2ddl.TableMetadata        ] - HHH000261: Table found: blog.blog
2013-09-03 00:01:53 [localhost-startStop-1] [INFO ] [org.hibernate.tool.hbm2ddl.TableMetadata        ] - HHH000037: Columns: [criticized, praised, category_id, blog_title, author_uid, series_id, id, blog_subtitle, read_count, blog_desc, last_update, create_date, blogsetting_id, author_name]
2013-09-03 00:01:53 [localhost-startStop-1] [INFO ] [org.hibernate.tool.hbm2ddl.TableMetadata        ] - HHH000108: Foreign keys: [fk_nuq14ahfvfgfikuvpcptuc1p0, fk_c6bjx18svyosjbdnjoqawq2p2, fk_bk9fqmdtfa13hj9lb6n5pq96q]
2013-09-03 00:01:53 [localhost-startStop-1] [INFO ] [org.hibernate.tool.hbm2ddl.TableMetadata        ] - HHH000126: Indexes: [fk_nuq14ahfvfgfikuvpcptuc1p0, fk_c6bjx18svyosjbdnjoqawq2p2, primary, fk_bk9fqmdtfa13hj9lb6n5pq96q]
2013-09-03 00:01:53 [localhost-startStop-1] [INFO ] [org.hibernate.tool.hbm2ddl.TableMetadata        ] - HHH000261: Table found: blog.blog_section
2013-09-03 00:01:53 [localhost-startStop-1] [INFO ] [org.hibernate.tool.hbm2ddl.TableMetadata        ] - HHH000037: Columns: [id, section_title, section_content, blog_id, seq]
2013-09-03 00:01:53 [localhost-startStop-1] [INFO ] [org.hibernate.tool.hbm2ddl.TableMetadata        ] - HHH000108: Foreign keys: [fk_hwoo3lsbcehecrqrptpkdurpi]
2013-09-03 00:01:53 [localhost-startStop-1] [INFO ] [org.hibernate.tool.hbm2ddl.TableMetadata        ] - HHH000126: Indexes: [fk_hwoo3lsbcehecrqrptpkdurpi, primary]
2013-09-03 00:01:53 [localhost-startStop-1] [INFO ] [org.hibernate.tool.hbm2ddl.TableMetadata        ] - HHH000261: Table found: blog.blog_settings
2013-09-03 00:01:53 [localhost-startStop-1] [INFO ] [org.hibernate.tool.hbm2ddl.TableMetadata        ] - HHH000037: Columns: [id, price, pub_privilege]
2013-09-03 00:01:53 [localhost-startStop-1] [INFO ] [org.hibernate.tool.hbm2ddl.TableMetadata        ] - HHH000108: Foreign keys: []
2013-09-03 00:01:53 [localhost-startStop-1] [INFO ] [org.hibernate.tool.hbm2ddl.TableMetadata        ] - HHH000126: Indexes: [primary]
2013-09-03 00:01:53 [localhost-startStop-1] [INFO ] [org.hibernate.tool.hbm2ddl.TableMetadata        ] - HHH000261: Table found: blog.blog_tags
2013-09-03 00:01:53 [localhost-startStop-1] [INFO ] [org.hibernate.tool.hbm2ddl.TableMetadata        ] - HHH000037: Columns: [blog_id, tag_id]
2013-09-03 00:01:53 [localhost-startStop-1] [INFO ] [org.hibernate.tool.hbm2ddl.TableMetadata        ] - HHH000108: Foreign keys: [fk_71danqpcbpp6312naabyg53hf, fk_7ujutrglra75jbubiae5yw9vy]
2013-09-03 00:01:53 [localhost-startStop-1] [INFO ] [org.hibernate.tool.hbm2ddl.TableMetadata        ] - HHH000126: Indexes: [fk_71danqpcbpp6312naabyg53hf, fk_7ujutrglra75jbubiae5yw9vy]
2013-09-03 00:01:53 [localhost-startStop-1] [INFO ] [org.hibernate.tool.hbm2ddl.TableMetadata        ] - HHH000261: Table found: blog.category
2013-09-03 00:01:53 [localhost-startStop-1] [INFO ] [org.hibernate.tool.hbm2ddl.TableMetadata        ] - HHH000037: Columns: [id, category_name, description, parent_id]
2013-09-03 00:01:53 [localhost-startStop-1] [INFO ] [org.hibernate.tool.hbm2ddl.TableMetadata        ] - HHH000108: Foreign keys: [fk_81thrbnb8c08gua7tvqj7xdqk]
2013-09-03 00:01:53 [localhost-startStop-1] [INFO ] [org.hibernate.tool.hbm2ddl.TableMetadata        ] - HHH000126: Indexes: [fk_81thrbnb8c08gua7tvqj7xdqk, primary]
2013-09-03 00:01:53 [localhost-startStop-1] [INFO ] [org.hibernate.tool.hbm2ddl.TableMetadata        ] - HHH000261: Table found: blog.comment
2013-09-03 00:01:53 [localhost-startStop-1] [INFO ] [org.hibernate.tool.hbm2ddl.TableMetadata        ] - HHH000037: Columns: [at_comment_id, site, id, author, blog_section_id, status, email, blog_id, create_time, comment_content, author_uid]
2013-09-03 00:01:53 [localhost-startStop-1] [INFO ] [org.hibernate.tool.hbm2ddl.TableMetadata        ] - HHH000108: Foreign keys: [fk_c95n0gw4hyk8or9bs6nptvdtj, fk_sjo78khcdxdkpl2cgvxp5kvs5, fk_ckuuiksskfqy0nquyp2d03n2y]
2013-09-03 00:01:53 [localhost-startStop-1] [INFO ] [org.hibernate.tool.hbm2ddl.TableMetadata        ] - HHH000126: Indexes: [fk_c95n0gw4hyk8or9bs6nptvdtj, fk_sjo78khcdxdkpl2cgvxp5kvs5, fk_ckuuiksskfqy0nquyp2d03n2y, primary]
2013-09-03 00:01:53 [localhost-startStop-1] [INFO ] [org.hibernate.tool.hbm2ddl.TableMetadata        ] - HHH000261: Table found: blog.media_info
2013-09-03 00:01:53 [localhost-startStop-1] [INFO ] [org.hibernate.tool.hbm2ddl.TableMetadata        ] - HHH000037: Columns: [id, media_type, media_owner_uid, script_content, media_url, media_name, script, media_addtime, media_redundant_url, media_code]
2013-09-03 00:01:53 [localhost-startStop-1] [INFO ] [org.hibernate.tool.hbm2ddl.TableMetadata        ] - HHH000108: Foreign keys: []
2013-09-03 00:01:53 [localhost-startStop-1] [INFO ] [org.hibernate.tool.hbm2ddl.TableMetadata        ] - HHH000126: Indexes: [uk_8hr17l16jjbw8ytbop2eii3gg, primary]
2013-09-03 00:01:53 [localhost-startStop-1] [INFO ] [org.hibernate.tool.hbm2ddl.TableMetadata        ] - HHH000261: Table found: blog.series
2013-09-03 00:01:53 [localhost-startStop-1] [INFO ] [org.hibernate.tool.hbm2ddl.TableMetadata        ] - HHH000037: Columns: [id, description, series_name, category_id]
2013-09-03 00:01:53 [localhost-startStop-1] [INFO ] [org.hibernate.tool.hbm2ddl.TableMetadata        ] - HHH000108: Foreign keys: [fk_mxi571rtaicay74am72r8c8ax]
2013-09-03 00:01:53 [localhost-startStop-1] [INFO ] [org.hibernate.tool.hbm2ddl.TableMetadata        ] - HHH000126: Indexes: [primary, fk_mxi571rtaicay74am72r8c8ax]
2013-09-03 00:01:53 [localhost-startStop-1] [INFO ] [org.hibernate.tool.hbm2ddl.TableMetadata        ] - HHH000261: Table found: blog.subscribe
2013-09-03 00:01:53 [localhost-startStop-1] [INFO ] [org.hibernate.tool.hbm2ddl.TableMetadata        ] - HHH000037: Columns: [blog_ids, id, subscriber_uid, update_time, create_date, enable, sery_ids, category_ids]
2013-09-03 00:01:53 [localhost-startStop-1] [INFO ] [org.hibernate.tool.hbm2ddl.TableMetadata        ] - HHH000108: Foreign keys: []
2013-09-03 00:01:53 [localhost-startStop-1] [INFO ] [org.hibernate.tool.hbm2ddl.TableMetadata        ] - HHH000126: Indexes: [uk_s9f7kc4n2p6gindadmk56i68b, primary]
2013-09-03 00:01:53 [localhost-startStop-1] [INFO ] [org.hibernate.tool.hbm2ddl.TableMetadata        ] - HHH000261: Table found: blog.system_settings
2013-09-03 00:01:53 [localhost-startStop-1] [INFO ] [org.hibernate.tool.hbm2ddl.TableMetadata        ] - HHH000037: Columns: [setting_profile, id, setting_value, setting_key]
2013-09-03 00:01:53 [localhost-startStop-1] [INFO ] [org.hibernate.tool.hbm2ddl.TableMetadata        ] - HHH000108: Foreign keys: []
2013-09-03 00:01:53 [localhost-startStop-1] [INFO ] [org.hibernate.tool.hbm2ddl.TableMetadata        ] - HHH000126: Indexes: [primary]
2013-09-03 00:01:53 [localhost-startStop-1] [INFO ] [org.hibernate.tool.hbm2ddl.TableMetadata        ] - HHH000261: Table found: blog.tags
2013-09-03 00:01:53 [localhost-startStop-1] [INFO ] [org.hibernate.tool.hbm2ddl.TableMetadata        ] - HHH000037: Columns: [id, tag_name]
2013-09-03 00:01:53 [localhost-startStop-1] [INFO ] [org.hibernate.tool.hbm2ddl.TableMetadata        ] - HHH000108: Foreign keys: []
2013-09-03 00:01:53 [localhost-startStop-1] [INFO ] [org.hibernate.tool.hbm2ddl.TableMetadata        ] - HHH000126: Indexes: [primary]
2013-09-03 00:01:53 [localhost-startStop-1] [INFO ] [org.hibernate.tool.hbm2ddl.SchemaUpdate         ] - HHH000232: Schema update complete
2013-09-03 00:01:54 [localhost-startStop-1] [INFO ] [o.springframework.web.servlet.DispatcherServlet ] - FrameworkServlet 'blog': initialization started
2013-09-03 00:01:55 [localhost-startStop-1] [INFO ] [o.s.c.s.PropertySourcesPlaceholderConfigurer    ] - Loading properties file from file [/Users/mason/SCM/freeedu/service/FEOP/FEOPServer/FEOPServerBlog/target/classes/META-INF/spring/application.properties]
2013-09-03 00:01:55 [localhost-startStop-1] [INFO ] [o.s.c.s.PropertySourcesPlaceholderConfigurer    ] - Loading properties file from file [/Users/mason/SCM/freeedu/service/FEOP/FEOPServer/FEOPServerBlog/target/classes/META-INF/spring/blog-infra.properties]
2013-09-03 00:01:55 [localhost-startStop-1] [INFO ] [o.s.c.s.PropertySourcesPlaceholderConfigurer    ] - Loading properties file from file [/Users/mason/SCM/freeedu/service/FEOP/FEOPServer/FEOPServerBlog/target/classes/META-INF/spring/blog-oauth.properties]
2013-09-03 00:01:55 [localhost-startStop-1] [INFO ] [o.s.w.s.m.m.a.RequestMappingHandlerMapping      ] - Mapped "{[/blog/view],methods=[GET],params=[],headers=[],consumes=[],produces=[],custom=[]}" onto public java.lang.String org.personal.mason.feop.server.blog.mvc.controllers.BlogController.viewBlog(java.lang.Long,org.springframework.ui.Model)
2013-09-03 00:01:55 [localhost-startStop-1] [INFO ] [o.s.w.s.m.m.a.RequestMappingHandlerMapping      ] - Mapped "{[/blog/newest],methods=[],params=[],headers=[],consumes=[],produces=[],custom=[]}" onto public java.lang.String org.personal.mason.feop.server.blog.mvc.controllers.BlogController.getNewestBlogs(org.springframework.data.domain.Pageable,org.springframework.ui.Model,javax.servlet.http.HttpServletRequest)
2013-09-03 00:01:55 [localhost-startStop-1] [INFO ] [o.s.w.s.m.m.a.RequestMappingHandlerMapping      ] - Mapped "{[/blog/search],methods=[],params=[],headers=[],consumes=[],produces=[],custom=[]}" onto public java.lang.String org.personal.mason.feop.server.blog.mvc.controllers.BlogController.searchBlogs(java.lang.String,org.springframework.data.domain.Pageable,org.springframework.ui.Model,javax.servlet.http.HttpServletRequest)
2013-09-03 00:01:55 [localhost-startStop-1] [INFO ] [o.s.w.s.m.m.a.RequestMappingHandlerMapping      ] - Mapped "{[/blog || /blog/list],methods=[GET],params=[],headers=[],consumes=[],produces=[],custom=[]}" onto public java.lang.String org.personal.mason.feop.server.blog.mvc.controllers.BlogController.findBlog(org.springframework.data.domain.Pageable,java.lang.Long,java.lang.Long,org.springframework.ui.Model,javax.servlet.http.HttpServletRequest)
2013-09-03 00:01:55 [localhost-startStop-1] [INFO ] [o.s.w.s.m.m.a.RequestMappingHandlerMapping      ] - Mapped "{[/my/blog/create],methods=[GET],params=[],headers=[],consumes=[],produces=[],custom=[]}" onto public java.lang.String org.personal.mason.feop.server.blog.mvc.controllers.BlogController.createBlog(org.personal.mason.feop.server.blog.mvc.model.BlogModel)
2013-09-03 00:01:55 [localhost-startStop-1] [INFO ] [o.s.w.s.m.m.a.RequestMappingHandlerMapping      ] - Mapped "{[/my/blog/create],methods=[POST],params=[],headers=[],consumes=[],produces=[],custom=[]}" onto public java.lang.String org.personal.mason.feop.server.blog.mvc.controllers.BlogController.saveBlog(org.personal.mason.feop.server.blog.mvc.model.BlogModel,org.springframework.validation.BindingResult,javax.servlet.http.HttpServletRequest)
2013-09-03 00:01:55 [localhost-startStop-1] [INFO ] [o.s.w.s.m.m.a.RequestMappingHandlerMapping      ] - Mapped "{[/my/blog/update],methods=[PUT],params=[],headers=[],consumes=[],produces=[],custom=[]}" onto public java.lang.String org.personal.mason.feop.server.blog.mvc.controllers.BlogController.updateBlog(org.personal.mason.feop.server.blog.mvc.model.BlogModel,org.springframework.validation.BindingResult,javax.servlet.http.HttpServletRequest,org.springframework.ui.Model)
2013-09-03 00:01:55 [localhost-startStop-1] [INFO ] [o.s.w.s.m.m.a.RequestMappingHandlerMapping      ] - Mapped "{[/my/blog/update],methods=[GET],params=[],headers=[],consumes=[],produces=[],custom=[]}" onto public java.lang.String org.personal.mason.feop.server.blog.mvc.controllers.BlogController.updateBlog(java.lang.Long,org.springframework.ui.Model)
2013-09-03 00:01:55 [localhost-startStop-1] [INFO ] [o.s.w.s.m.m.a.RequestMappingHandlerMapping      ] - Mapped "{[/my/blog/delete],methods=[DELETE],params=[],headers=[],consumes=[],produces=[],custom=[]}" onto public void org.personal.mason.feop.server.blog.mvc.controllers.BlogController.deleteBlog(javax.servlet.http.HttpServletRequest,java.lang.Long)
2013-09-03 00:01:55 [localhost-startStop-1] [INFO ] [o.s.w.s.m.m.a.RequestMappingHandlerMapping      ] - Mapped "{[/my/blog/list],methods=[GET],params=[],headers=[],consumes=[],produces=[],custom=[]}" onto public java.lang.String org.personal.mason.feop.server.blog.mvc.controllers.BlogController.findMyBlog(javax.servlet.http.HttpServletRequest,org.springframework.ui.Model,org.springframework.data.domain.Pageable)
2013-09-03 00:01:55 [localhost-startStop-1] [INFO ] [o.s.w.s.m.m.a.RequestMappingHandlerMapping      ] - Mapped "{[/section/update],methods=[PUT],params=[],headers=[],consumes=[],produces=[],custom=[]}" onto public java.lang.String org.personal.mason.feop.server.blog.mvc.controllers.BlogSectionController.updateBlog(org.personal.mason.feop.server.blog.mvc.model.BlogSectionModel,org.springframework.validation.BindingResult,java.security.Principal,org.springframework.ui.Model)
2013-09-03 00:01:55 [localhost-startStop-1] [INFO ] [o.s.w.s.m.m.a.RequestMappingHandlerMapping      ] - Mapped "{[/section/save],methods=[POST],params=[],headers=[],consumes=[],produces=[],custom=[]}" onto public java.lang.String org.personal.mason.feop.server.blog.mvc.controllers.BlogSectionController.createSection(org.personal.mason.feop.server.blog.mvc.model.BlogSectionModel,org.springframework.validation.BindingResult)
2013-09-03 00:01:55 [localhost-startStop-1] [INFO ] [o.s.w.s.m.m.a.RequestMappingHandlerMapping      ] - Mapped "{[/section/create],methods=[GET],params=[],headers=[],consumes=[],produces=[],custom=[]}" onto public java.lang.String org.personal.mason.feop.server.blog.mvc.controllers.BlogSectionController.createSection(java.lang.Long,org.springframework.ui.Model)
2013-09-03 00:01:55 [localhost-startStop-1] [INFO ] [o.s.w.s.m.m.a.RequestMappingHandlerMapping      ] - Mapped "{[/section/update],methods=[GET],params=[],headers=[],consumes=[],produces=[],custom=[]}" onto public java.lang.String org.personal.mason.feop.server.blog.mvc.controllers.BlogSectionController.updateSection(java.lang.Long,org.springframework.ui.Model)
2013-09-03 00:01:55 [localhost-startStop-1] [INFO ] [o.s.w.s.m.m.a.RequestMappingHandlerMapping      ] - Mapped "{[/section/delete],methods=[DELETE],params=[],headers=[],consumes=[],produces=[],custom=[]}" onto public void org.personal.mason.feop.server.blog.mvc.controllers.BlogSectionController.deleteSection(java.lang.Long)
2013-09-03 00:01:55 [localhost-startStop-1] [INFO ] [o.s.w.s.m.m.a.RequestMappingHandlerMapping      ] - Mapped "{[/section/query],methods=[GET],params=[],headers=[],consumes=[],produces=[],custom=[]}" onto public java.lang.String org.personal.mason.feop.server.blog.mvc.controllers.BlogSectionController.findBlogSection(java.lang.Long,org.springframework.data.domain.Pageable,org.springframework.ui.Model)
2013-09-03 00:01:55 [localhost-startStop-1] [INFO ] [o.s.w.s.m.m.a.RequestMappingHandlerMapping      ] - Mapped "{[/setting/update],methods=[GET],params=[],headers=[],consumes=[],produces=[],custom=[]}" onto public java.lang.String org.personal.mason.feop.server.blog.mvc.controllers.BlogSettingController.update(java.lang.Long,org.springframework.ui.Model)
2013-09-03 00:01:55 [localhost-startStop-1] [INFO ] [o.s.w.s.m.m.a.RequestMappingHandlerMapping      ] - Mapped "{[/setting/update],methods=[PUT],params=[],headers=[],consumes=[],produces=[],custom=[]}" onto public java.lang.String org.personal.mason.feop.server.blog.mvc.controllers.BlogSettingController.update(org.personal.mason.feop.server.blog.mvc.model.BlogSettingModel,org.springframework.validation.BindingResult,org.springframework.ui.Model)
2013-09-03 00:01:55 [localhost-startStop-1] [INFO ] [o.s.w.s.m.m.a.RequestMappingHandlerMapping      ] - Mapped "{[/setting],methods=[GET],params=[],headers=[],consumes=[],produces=[],custom=[]}" onto public java.lang.String org.personal.mason.feop.server.blog.mvc.controllers.BlogSettingController.findSettingWithId(java.lang.Long,org.springframework.ui.Model)
2013-09-03 00:01:55 [localhost-startStop-1] [INFO ] [o.s.w.s.m.m.a.RequestMappingHandlerMapping      ] - Mapped "{[/cat/form],methods=[GET],params=[],headers=[],consumes=[],produces=[],custom=[]}" onto public java.lang.String org.personal.mason.feop.server.blog.mvc.controllers.CategoryController.createCategory(org.springframework.ui.Model)
2013-09-03 00:01:55 [localhost-startStop-1] [INFO ] [o.s.w.s.m.m.a.RequestMappingHandlerMapping      ] - Mapped "{[/cat/save],methods=[POST],params=[],headers=[],consumes=[],produces=[],custom=[]}" onto public java.lang.String org.personal.mason.feop.server.blog.mvc.controllers.CategoryController.saveCategory(org.personal.mason.feop.server.blog.mvc.model.CategoryModel,org.springframework.validation.BindingResult,org.springframework.ui.Model)
2013-09-03 00:01:55 [localhost-startStop-1] [INFO ] [o.s.w.s.m.m.a.RequestMappingHandlerMapping      ] - Mapped "{[/cat/delete],methods=[DELETE],params=[],headers=[],consumes=[],produces=[],custom=[]}" onto public void org.personal.mason.feop.server.blog.mvc.controllers.CategoryController.deleteCategory(java.lang.Long)
2013-09-03 00:01:55 [localhost-startStop-1] [INFO ] [o.s.w.s.m.m.a.RequestMappingHandlerMapping      ] - Mapped "{[/comment/create],methods=[GET],params=[],headers=[],consumes=[],produces=[],custom=[]}" onto public java.lang.String org.personal.mason.feop.server.blog.mvc.controllers.CommentController.createComment(java.lang.Long,java.lang.Long,java.lang.Long,org.springframework.ui.Model)
2013-09-03 00:01:55 [localhost-startStop-1] [INFO ] [o.s.w.s.m.m.a.RequestMappingHandlerMapping      ] - Mapped "{[/comment/save],methods=[POST],params=[],headers=[],consumes=[],produces=[],custom=[]}" onto public java.lang.String org.personal.mason.feop.server.blog.mvc.controllers.CommentController.saveComment(org.personal.mason.feop.server.blog.mvc.model.CommentModel,org.springframework.validation.BindingResult)
2013-09-03 00:01:55 [localhost-startStop-1] [INFO ] [o.s.w.s.m.m.a.RequestMappingHandlerMapping      ] - Mapped "{[/comment/b/list],methods=[GET],params=[],headers=[],consumes=[],produces=[],custom=[]}" onto public void org.personal.mason.feop.server.blog.mvc.controllers.CommentController.findBlogComments(java.lang.Long,org.springframework.data.domain.Pageable,org.springframework.ui.Model)
2013-09-03 00:01:55 [localhost-startStop-1] [INFO ] [o.s.w.s.m.m.a.RequestMappingHandlerMapping      ] - Mapped "{[/comment/s/list],methods=[GET],params=[],headers=[],consumes=[],produces=[],custom=[]}" onto public void org.personal.mason.feop.server.blog.mvc.controllers.CommentController.findBlogSectionComments(java.lang.Long,org.springframework.data.domain.Pageable,org.springframework.ui.Model)
2013-09-03 00:01:55 [localhost-startStop-1] [INFO ] [o.s.w.s.m.m.a.RequestMappingHandlerMapping      ] - Mapped "{[/comment/c/list],methods=[GET],params=[],headers=[],consumes=[],produces=[],custom=[]}" onto public void org.personal.mason.feop.server.blog.mvc.controllers.CommentController.findCommentComments(java.lang.Long,org.springframework.data.domain.Pageable,org.springframework.ui.Model)
2013-09-03 00:01:55 [localhost-startStop-1] [INFO ] [o.s.w.s.m.m.a.RequestMappingHandlerMapping      ] - Mapped "{[/media/delete],methods=[DELETE],params=[],headers=[],consumes=[],produces=[],custom=[]}" onto public void org.personal.mason.feop.server.blog.mvc.controllers.MediaInfoController.delete(java.lang.Long)
2013-09-03 00:01:55 [localhost-startStop-1] [INFO ] [o.s.w.s.m.m.a.RequestMappingHandlerMapping      ] - Mapped "{[/media/create],methods=[GET],params=[],headers=[],consumes=[],produces=[],custom=[]}" onto public java.lang.String org.personal.mason.feop.server.blog.mvc.controllers.MediaInfoController.createMedia(org.springframework.ui.Model)
2013-09-03 00:01:55 [localhost-startStop-1] [INFO ] [o.s.w.s.m.m.a.RequestMappingHandlerMapping      ] - Mapped "{[/media/save],methods=[POST],params=[],headers=[],consumes=[],produces=[],custom=[]}" onto public java.lang.String org.personal.mason.feop.server.blog.mvc.controllers.MediaInfoController.saveMedia(org.personal.mason.feop.server.blog.mvc.model.MediaInfoModel,org.springframework.validation.BindingResult,java.security.Principal)
2013-09-03 00:01:55 [localhost-startStop-1] [INFO ] [o.s.w.s.m.m.a.RequestMappingHandlerMapping      ] - Mapped "{[/media/update],methods=[GET],params=[],headers=[],consumes=[],produces=[],custom=[]}" onto public java.lang.String org.personal.mason.feop.server.blog.mvc.controllers.MediaInfoController.updateMedia(java.lang.Long,org.springframework.ui.Model)
2013-09-03 00:01:55 [localhost-startStop-1] [INFO ] [o.s.w.s.m.m.a.RequestMappingHandlerMapping      ] - Mapped "{[/media/update],methods=[POST],params=[],headers=[],consumes=[],produces=[],custom=[]}" onto public java.lang.String org.personal.mason.feop.server.blog.mvc.controllers.MediaInfoController.updateMedia(org.personal.mason.feop.server.blog.mvc.model.MediaInfoModel,org.springframework.validation.BindingResult)
2013-09-03 00:01:55 [localhost-startStop-1] [INFO ] [o.s.w.s.m.m.a.RequestMappingHandlerMapping      ] - Mapped "{[/media/m/list],methods=[GET],params=[],headers=[],consumes=[],produces=[],custom=[]}" onto public java.lang.String org.personal.mason.feop.server.blog.mvc.controllers.MediaInfoController.findMyMedia(org.springframework.data.domain.Pageable,java.security.Principal,org.springframework.ui.Model)
2013-09-03 00:01:55 [localhost-startStop-1] [INFO ] [o.s.w.s.m.m.a.RequestMappingHandlerMapping      ] - Mapped "{[/media/list],methods=[GET],params=[],headers=[],consumes=[],produces=[],custom=[]}" onto public java.lang.String org.personal.mason.feop.server.blog.mvc.controllers.MediaInfoController.findMyMediaByType(java.lang.String,org.springframework.data.domain.Pageable,java.security.Principal,org.springframework.ui.Model)
2013-09-03 00:01:55 [localhost-startStop-1] [INFO ] [o.s.w.s.m.m.a.RequestMappingHandlerMapping      ] - Mapped "{[/errorPage],methods=[],params=[],headers=[],consumes=[],produces=[],custom=[]}" onto public java.lang.String org.personal.mason.feop.server.blog.mvc.controllers.ServerController.error(java.lang.String,org.springframework.ui.Model)
2013-09-03 00:01:55 [localhost-startStop-1] [INFO ] [o.s.w.s.m.m.a.RequestMappingHandlerMapping      ] - Mapped "{[/home],methods=[GET],params=[],headers=[],consumes=[],produces=[],custom=[]}" onto public java.lang.String org.personal.mason.feop.server.blog.mvc.controllers.ServerController.home(java.security.Principal)
2013-09-03 00:01:55 [localhost-startStop-1] [INFO ] [o.s.w.s.m.m.a.RequestMappingHandlerMapping      ] - Mapped "{[/ || /index],methods=[GET],params=[],headers=[],consumes=[],produces=[],custom=[]}" onto public java.lang.String org.personal.mason.feop.server.blog.mvc.controllers.ServerController.index()
2013-09-03 00:01:55 [localhost-startStop-1] [INFO ] [o.s.w.s.m.m.a.RequestMappingHandlerMapping      ] - Mapped "{[/sery/list],methods=[GET],params=[],headers=[],consumes=[],produces=[],custom=[]}" onto public java.lang.String org.personal.mason.feop.server.blog.mvc.controllers.SeryController.findByName(java.lang.String,org.springframework.data.domain.Pageable,org.springframework.ui.Model)
2013-09-03 00:01:55 [localhost-startStop-1] [INFO ] [o.s.w.s.m.m.a.RequestMappingHandlerMapping      ] - Mapped "{[/sery/c/list],methods=[GET],params=[],headers=[],consumes=[],produces=[],custom=[]}" onto public java.lang.String org.personal.mason.feop.server.blog.mvc.controllers.SeryController.findByCategory(java.lang.Long,org.springframework.data.domain.Pageable,org.springframework.ui.Model)
2013-09-03 00:01:55 [localhost-startStop-1] [INFO ] [o.s.w.s.m.m.a.RequestMappingHandlerMapping      ] - Mapped "{[/sery/save],methods=[POST],params=[],headers=[],consumes=[],produces=[],custom=[]}" onto public java.lang.String org.personal.mason.feop.server.blog.mvc.controllers.SeryController.saveSery(org.personal.mason.feop.server.blog.mvc.model.SeryModel,org.springframework.validation.BindingResult)
2013-09-03 00:01:55 [localhost-startStop-1] [INFO ] [o.s.w.s.m.m.a.RequestMappingHandlerMapping      ] - Mapped "{[/sery/create],methods=[GET],params=[],headers=[],consumes=[],produces=[],custom=[]}" onto public java.lang.String org.personal.mason.feop.server.blog.mvc.controllers.SeryController.createSery(org.springframework.ui.Model)
2013-09-03 00:01:55 [localhost-startStop-1] [INFO ] [o.s.w.s.m.m.a.RequestMappingHandlerMapping      ] - Mapped "{[/sery/delete],methods=[DELETE],params=[],headers=[],consumes=[],produces=[],custom=[]}" onto public void org.personal.mason.feop.server.blog.mvc.controllers.SeryController.deleteSery(java.lang.Long)
2013-09-03 00:01:55 [localhost-startStop-1] [INFO ] [o.s.w.s.m.m.a.RequestMappingHandlerMapping      ] - Mapped "{[/sub/create],methods=[GET],params=[],headers=[],consumes=[],produces=[],custom=[]}" onto public java.lang.String org.personal.mason.feop.server.blog.mvc.controllers.SubscribeController.createSubscribe(java.security.Principal)
2013-09-03 00:01:55 [localhost-startStop-1] [INFO ] [o.s.w.s.m.m.a.RequestMappingHandlerMapping      ] - Mapped "{[/sub/add],methods=[GET],params=[],headers=[],consumes=[],produces=[],custom=[]}" onto public void org.personal.mason.feop.server.blog.mvc.controllers.SubscribeController.subscribeBlog(java.lang.Long,java.lang.Long,java.lang.Long,java.security.Principal)
2013-09-03 00:01:55 [localhost-startStop-1] [INFO ] [o.s.w.s.m.m.a.RequestMappingHandlerMapping      ] - Mapped "{[/sub/del],methods=[DELETE],params=[],headers=[],consumes=[],produces=[],custom=[]}" onto public void org.personal.mason.feop.server.blog.mvc.controllers.SubscribeController.unsubscribeBlog(java.lang.Long,java.lang.Long,java.lang.Long,java.security.Principal)
2013-09-03 00:01:55 [localhost-startStop-1] [INFO ] [o.s.w.s.m.m.a.RequestMappingHandlerMapping      ] - Mapped "{[/sub/m/list],methods=[GET],params=[],headers=[],consumes=[],produces=[],custom=[]}" onto public java.lang.String org.personal.mason.feop.server.blog.mvc.controllers.SubscribeController.findMySubscribe(java.security.Principal,org.springframework.ui.Model)
2013-09-03 00:01:55 [localhost-startStop-1] [INFO ] [o.s.w.s.m.m.a.RequestMappingHandlerMapping      ] - Mapped "{[/tag/create],methods=[GET],params=[],headers=[],consumes=[],produces=[],custom=[]}" onto public void org.personal.mason.feop.server.blog.mvc.controllers.TagController.createTag(java.lang.String)
2013-09-03 00:01:55 [localhost-startStop-1] [INFO ] [o.s.w.s.m.m.a.RequestMappingHandlerMapping      ] - Mapped "{[/tag/list],methods=[],params=[],headers=[],consumes=[],produces=[],custom=[]}" onto public java.lang.String org.personal.mason.feop.server.blog.mvc.controllers.TagController.findTags(java.lang.String,org.springframework.ui.Model)
2013-09-03 00:01:55 [localhost-startStop-1] [INFO ] [o.s.w.s.m.m.a.RequestMappingHandlerMapping      ] - Mapped "{[/user/login],methods=[GET],params=[],headers=[],consumes=[],produces=[],custom=[]}" onto public java.lang.String org.personal.mason.feop.server.blog.mvc.controllers.UserController.login(javax.servlet.http.HttpServletRequest,javax.servlet.http.HttpServletResponse)
2013-09-03 00:01:55 [localhost-startStop-1] [INFO ] [o.s.w.s.m.m.a.RequestMappingHandlerMapping      ] - Mapped "{[/user/logout],methods=[],params=[],headers=[],consumes=[],produces=[],custom=[]}" onto public java.lang.String org.personal.mason.feop.server.blog.mvc.controllers.UserController.logout(javax.servlet.http.HttpServletRequest,javax.servlet.http.HttpServletResponse)
2013-09-03 00:01:55 [localhost-startStop-1] [INFO ] [o.s.w.s.m.m.a.RequestMappingHandlerMapping      ] - Mapped "{[/signup],methods=[],params=[],headers=[],consumes=[],produces=[],custom=[]}" onto public java.lang.String org.personal.mason.feop.server.blog.mvc.controllers.UserController.signup(javax.servlet.http.HttpServletRequest,javax.servlet.http.HttpServletResponse)
2013-09-03 00:01:55 [localhost-startStop-1] [INFO ] [o.s.w.s.m.m.a.RequestMappingHandlerMapping      ] - Mapped "{[/api/blog],methods=[GET],params=[],headers=[],consumes=[],produces=[],custom=[]}" onto public org.personal.mason.feop.server.blog.mvc.model.BlogModel org.personal.mason.feop.server.blog.mvc.rest.BlogApi.viewBlog(java.lang.Long)
2013-09-03 00:01:55 [localhost-startStop-1] [INFO ] [o.s.w.s.m.m.a.RequestMappingHandlerMapping      ] - Mapped "{[/api/blog/newest],methods=[],params=[],headers=[],consumes=[],produces=[],custom=[]}" onto public org.springframework.data.domain.Page<org.personal.mason.feop.server.blog.mvc.model.BlogModel> org.personal.mason.feop.server.blog.mvc.rest.BlogApi.getNewestBlogs(org.springframework.data.domain.Pageable)
2013-09-03 00:01:55 [localhost-startStop-1] [INFO ] [o.s.w.s.m.m.a.RequestMappingHandlerMapping      ] - Mapped "{[/api/blog/search],methods=[],params=[],headers=[],consumes=[],produces=[],custom=[]}" onto public java.util.List<org.personal.mason.feop.server.blog.mvc.model.BlogModel> org.personal.mason.feop.server.blog.mvc.rest.BlogApi.searchBlogs(java.lang.String,org.springframework.data.domain.Pageable)
2013-09-03 00:01:55 [localhost-startStop-1] [INFO ] [o.s.w.s.m.m.a.RequestMappingHandlerMapping      ] - Mapped "{[/api/blog/list],methods=[GET],params=[],headers=[],consumes=[],produces=[],custom=[]}" onto public java.util.List<org.personal.mason.feop.server.blog.mvc.model.BlogModel> org.personal.mason.feop.server.blog.mvc.rest.BlogApi.findBlog(org.springframework.data.domain.Pageable,java.lang.Long,java.lang.Long)
2013-09-03 00:01:55 [localhost-startStop-1] [INFO ] [o.s.w.s.m.m.a.RequestMappingHandlerMapping      ] - Mapped "{[/api/my/blog/create],methods=[POST],params=[],headers=[],consumes=[],produces=[],custom=[]}" onto public org.personal.mason.feop.server.blog.mvc.model.BlogModel org.personal.mason.feop.server.blog.mvc.rest.BlogApi.saveBlog(javax.servlet.http.HttpServletRequest,org.personal.mason.feop.server.blog.mvc.model.BlogModel)
2013-09-03 00:01:55 [localhost-startStop-1] [INFO ] [o.s.w.s.m.m.a.RequestMappingHandlerMapping      ] - Mapped "{[/api/my/blog/update],methods=[PUT],params=[],headers=[],consumes=[],produces=[],custom=[]}" onto public org.personal.mason.feop.server.blog.mvc.model.BlogModel org.personal.mason.feop.server.blog.mvc.rest.BlogApi.updateBlog(org.personal.mason.feop.server.blog.mvc.model.BlogModel,javax.servlet.http.HttpServletRequest)
2013-09-03 00:01:55 [localhost-startStop-1] [INFO ] [o.s.w.s.m.m.a.RequestMappingHandlerMapping      ] - Mapped "{[/api/my/blog/delete],methods=[DELETE],params=[],headers=[],consumes=[],produces=[],custom=[]}" onto public void org.personal.mason.feop.server.blog.mvc.rest.BlogApi.deleteBlog(javax.servlet.http.HttpServletRequest,java.lang.Long)
2013-09-03 00:01:55 [localhost-startStop-1] [INFO ] [o.s.w.s.m.m.a.RequestMappingHandlerMapping      ] - Mapped "{[/api/my/blog/list],methods=[GET],params=[],headers=[],consumes=[],produces=[],custom=[]}" onto public java.util.List<org.personal.mason.feop.server.blog.mvc.model.BlogModel> org.personal.mason.feop.server.blog.mvc.rest.BlogApi.findMyBlog(javax.servlet.http.HttpServletRequest,org.springframework.data.domain.Pageable)
2013-09-03 00:01:55 [localhost-startStop-1] [INFO ] [o.s.w.s.m.m.a.RequestMappingHandlerMapping      ] - Mapped "{[/api/section/update],methods=[PUT],params=[],headers=[],consumes=[],produces=[],custom=[]}" onto public org.personal.mason.feop.server.blog.mvc.model.BlogSectionModel org.personal.mason.feop.server.blog.mvc.rest.BlogSectionApi.updateBlog(org.personal.mason.feop.server.blog.mvc.model.BlogSectionModel)
2013-09-03 00:01:55 [localhost-startStop-1] [INFO ] [o.s.w.s.m.m.a.RequestMappingHandlerMapping      ] - Mapped "{[/api/section/save],methods=[POST],params=[],headers=[],consumes=[],produces=[],custom=[]}" onto public org.personal.mason.feop.server.blog.domain.model.BlogSection org.personal.mason.feop.server.blog.mvc.rest.BlogSectionApi.createSection(org.personal.mason.feop.server.blog.mvc.model.BlogSectionModel)
2013-09-03 00:01:55 [localhost-startStop-1] [INFO ] [o.s.w.s.m.m.a.RequestMappingHandlerMapping      ] - Mapped "{[/api/section/delete],methods=[DELETE],params=[],headers=[],consumes=[],produces=[],custom=[]}" onto public void org.personal.mason.feop.server.blog.mvc.rest.BlogSectionApi.deleteSection(java.lang.Long)
2013-09-03 00:01:55 [localhost-startStop-1] [INFO ] [o.s.w.s.m.m.a.RequestMappingHandlerMapping      ] - Mapped "{[/api/section/query],methods=[GET],params=[],headers=[],consumes=[],produces=[],custom=[]}" onto public java.util.List<org.personal.mason.feop.server.blog.mvc.model.BlogSectionModel> org.personal.mason.feop.server.blog.mvc.rest.BlogSectionApi.findBlogSection(java.lang.Long)
2013-09-03 00:01:55 [localhost-startStop-1] [INFO ] [o.s.w.s.m.m.a.RequestMappingHandlerMapping      ] - Mapped "{[/api/setting/update],methods=[PUT],params=[],headers=[],consumes=[],produces=[],custom=[]}" onto public org.personal.mason.feop.server.blog.mvc.model.BlogSettingModel org.personal.mason.feop.server.blog.mvc.rest.BlogSettingApi.update(org.personal.mason.feop.server.blog.mvc.model.BlogSettingModel)
2013-09-03 00:01:55 [localhost-startStop-1] [INFO ] [o.s.w.s.m.m.a.RequestMappingHandlerMapping      ] - Mapped "{[/api/setting],methods=[GET],params=[],headers=[],consumes=[],produces=[],custom=[]}" onto public org.personal.mason.feop.server.blog.mvc.model.BlogSettingModel org.personal.mason.feop.server.blog.mvc.rest.BlogSettingApi.findSettingWithId(java.lang.Long)
2013-09-03 00:01:55 [localhost-startStop-1] [INFO ] [o.s.w.s.m.m.a.RequestMappingHandlerMapping      ] - Mapped "{[/api/cat/save],methods=[POST],params=[],headers=[],consumes=[],produces=[],custom=[]}" onto public org.personal.mason.feop.server.blog.mvc.model.CategoryModel org.personal.mason.feop.server.blog.mvc.rest.CategoryApi.saveCategory(org.personal.mason.feop.server.blog.mvc.model.CategoryModel)
2013-09-03 00:01:55 [localhost-startStop-1] [INFO ] [o.s.w.s.m.m.a.RequestMappingHandlerMapping      ] - Mapped "{[/api/cat/delete],methods=[DELETE],params=[],headers=[],consumes=[],produces=[],custom=[]}" onto public void org.personal.mason.feop.server.blog.mvc.rest.CategoryApi.deleteCategory(java.lang.Long)
2013-09-03 00:01:55 [localhost-startStop-1] [INFO ] [o.s.w.s.m.m.a.RequestMappingHandlerMapping      ] - Mapped "{[/api/cat],methods=[GET],params=[],headers=[],consumes=[],produces=[],custom=[]}" onto public org.personal.mason.feop.server.blog.mvc.model.CategoryModel org.personal.mason.feop.server.blog.mvc.rest.CategoryApi.findCategoryById(java.lang.Long)
2013-09-03 00:01:55 [localhost-startStop-1] [INFO ] [o.s.w.s.m.m.a.RequestMappingHandlerMapping      ] - Mapped "{[/api/cat/top],methods=[GET],params=[],headers=[],consumes=[],produces=[],custom=[]}" onto public java.util.List<org.personal.mason.feop.server.blog.mvc.model.CategoryModel> org.personal.mason.feop.server.blog.mvc.rest.CategoryApi.findTopLevelCategories()
2013-09-03 00:01:55 [localhost-startStop-1] [INFO ] [o.s.w.s.m.m.a.RequestMappingHandlerMapping      ] - Mapped "{[/api/cat/sub],methods=[GET],params=[],headers=[],consumes=[],produces=[],custom=[]}" onto public java.util.List<org.personal.mason.feop.server.blog.mvc.model.CategoryModel> org.personal.mason.feop.server.blog.mvc.rest.CategoryApi.findSubCategories(java.lang.Long)
2013-09-03 00:01:55 [localhost-startStop-1] [INFO ] [o.s.w.s.m.m.a.RequestMappingHandlerMapping      ] - Mapped "{[/api/comment/save],methods=[POST],params=[],headers=[],consumes=[],produces=[],custom=[]}" onto public org.personal.mason.feop.server.blog.mvc.model.CommentModel org.personal.mason.feop.server.blog.mvc.rest.CommonApi.saveComment(org.personal.mason.feop.server.blog.mvc.model.CommentModel)
2013-09-03 00:01:55 [localhost-startStop-1] [INFO ] [o.s.w.s.m.m.a.RequestMappingHandlerMapping      ] - Mapped "{[/api/comment/list],methods=[GET],params=[],headers=[],consumes=[],produces=[],custom=[]}" onto public java.util.List<org.personal.mason.feop.server.blog.mvc.model.CommentModel> org.personal.mason.feop.server.blog.mvc.rest.CommonApi.findCommonts(java.lang.Long,java.lang.Long,java.lang.Long,org.springframework.data.domain.Pageable)
2013-09-03 00:01:55 [localhost-startStop-1] [INFO ] [o.s.w.s.m.m.a.RequestMappingHandlerMapping      ] - Mapped "{[/api/media/delete],methods=[DELETE],params=[],headers=[],consumes=[],produces=[],custom=[]}" onto public void org.personal.mason.feop.server.blog.mvc.rest.MediaInfoApi.delete(java.lang.Long)
2013-09-03 00:01:55 [localhost-startStop-1] [INFO ] [o.s.w.s.m.m.a.RequestMappingHandlerMapping      ] - Mapped "{[/api/media/save],methods=[POST],params=[],headers=[],consumes=[],produces=[],custom=[]}" onto public org.personal.mason.feop.server.blog.mvc.model.MediaInfoModel org.personal.mason.feop.server.blog.mvc.rest.MediaInfoApi.saveMedia(org.personal.mason.feop.server.blog.mvc.model.MediaInfoModel,javax.servlet.http.HttpServletRequest)
2013-09-03 00:01:55 [localhost-startStop-1] [INFO ] [o.s.w.s.m.m.a.RequestMappingHandlerMapping      ] - Mapped "{[/api/media/update],methods=[PUT],params=[],headers=[],consumes=[],produces=[],custom=[]}" onto public org.personal.mason.feop.server.blog.mvc.model.MediaInfoModel org.personal.mason.feop.server.blog.mvc.rest.MediaInfoApi.updateMedia(org.personal.mason.feop.server.blog.mvc.model.MediaInfoModel)
2013-09-03 00:01:55 [localhost-startStop-1] [INFO ] [o.s.w.s.m.m.a.RequestMappingHandlerMapping      ] - Mapped "{[/api/media/list],methods=[GET],params=[],headers=[],consumes=[],produces=[],custom=[]}" onto public java.util.List<org.personal.mason.feop.server.blog.mvc.model.MediaInfoModel> org.personal.mason.feop.server.blog.mvc.rest.MediaInfoApi.findMyMedia(org.springframework.data.domain.Pageable,java.lang.String,javax.servlet.http.HttpServletRequest)
2013-09-03 00:01:55 [localhost-startStop-1] [INFO ] [o.s.w.s.m.m.a.RequestMappingHandlerMapping      ] - Mapped "{[/api/sery/list],methods=[GET],params=[],headers=[],consumes=[],produces=[],custom=[]}" onto public java.util.List<org.personal.mason.feop.server.blog.mvc.model.SeryModel> org.personal.mason.feop.server.blog.mvc.rest.SeryApi.findByName(java.lang.String,java.lang.Long,org.springframework.data.domain.Pageable)
2013-09-03 00:01:55 [localhost-startStop-1] [INFO ] [o.s.w.s.m.m.a.RequestMappingHandlerMapping      ] - Mapped "{[/api/sery/save],methods=[POST],params=[],headers=[],consumes=[],produces=[],custom=[]}" onto public org.personal.mason.feop.server.blog.mvc.model.SeryModel org.personal.mason.feop.server.blog.mvc.rest.SeryApi.saveSery(org.personal.mason.feop.server.blog.mvc.model.SeryModel)
2013-09-03 00:01:55 [localhost-startStop-1] [INFO ] [o.s.w.s.m.m.a.RequestMappingHandlerMapping      ] - Mapped "{[/api/sery/delete],methods=[DELETE],params=[],headers=[],consumes=[],produces=[],custom=[]}" onto public void org.personal.mason.feop.server.blog.mvc.rest.SeryApi.deleteSery(java.lang.Long)
2013-09-03 00:01:55 [localhost-startStop-1] [INFO ] [o.s.w.s.m.m.a.RequestMappingHandlerMapping      ] - Mapped "{[/api/sub/add],methods=[GET],params=[],headers=[],consumes=[],produces=[],custom=[]}" onto public org.personal.mason.feop.server.blog.mvc.model.SubscribeModel org.personal.mason.feop.server.blog.mvc.rest.SubscribeApi.subscribeBlog(java.lang.Long,java.lang.Long,java.lang.Long,javax.servlet.http.HttpServletRequest)
2013-09-03 00:01:55 [localhost-startStop-1] [INFO ] [o.s.w.s.m.m.a.RequestMappingHandlerMapping      ] - Mapped "{[/api/sub/del],methods=[GET],params=[],headers=[],consumes=[],produces=[],custom=[]}" onto public org.personal.mason.feop.server.blog.mvc.model.SubscribeModel org.personal.mason.feop.server.blog.mvc.rest.SubscribeApi.unsubscribeBlog(java.lang.Long,java.lang.Long,java.lang.Long,javax.servlet.http.HttpServletRequest)
2013-09-03 00:01:55 [localhost-startStop-1] [INFO ] [o.s.w.s.m.m.a.RequestMappingHandlerMapping      ] - Mapped "{[/api/sub/my],methods=[GET],params=[],headers=[],consumes=[],produces=[],custom=[]}" onto public org.personal.mason.feop.server.blog.mvc.model.SubscribeModel org.personal.mason.feop.server.blog.mvc.rest.SubscribeApi.findMySubscribe(javax.servlet.http.HttpServletRequest)
2013-09-03 00:01:55 [localhost-startStop-1] [INFO ] [o.s.w.s.m.m.a.RequestMappingHandlerMapping      ] - Mapped "{[/syssetting/oauthkeys],methods=[],params=[],headers=[],consumes=[],produces=[],custom=[]}" onto public java.util.List<java.lang.String> org.personal.mason.feop.server.blog.mvc.rest.SystemSettingsController.listOauthKeys()
2013-09-03 00:01:55 [localhost-startStop-1] [INFO ] [o.s.w.s.m.m.a.RequestMappingHandlerMapping      ] - Mapped "{[/syssetting/list],methods=[],params=[],headers=[],consumes=[],produces=[],custom=[]}" onto public java.util.List<org.personal.mason.feop.server.blog.domain.model.SystemSettings> org.personal.mason.feop.server.blog.mvc.rest.SystemSettingsController.findSystemSettings(java.lang.String)
2013-09-03 00:01:55 [localhost-startStop-1] [INFO ] [o.s.w.s.m.m.a.RequestMappingHandlerMapping      ] - Mapped "{[/syssetting/update],methods=[PUT],params=[],headers=[],consumes=[],produces=[],custom=[]}" onto public java.util.List<org.personal.mason.feop.server.blog.domain.model.SystemSettings> org.personal.mason.feop.server.blog.mvc.rest.SystemSettingsController.updateSystemSettings(org.personal.mason.feop.server.blog.domain.model.SystemSettings...)
2013-09-03 00:01:55 [localhost-startStop-1] [INFO ] [o.s.w.s.m.m.a.RequestMappingHandlerMapping      ] - Mapped "{[/syssetting/delete],methods=[DELETE],params=[],headers=[],consumes=[],produces=[],custom=[]}" onto public void org.personal.mason.feop.server.blog.mvc.rest.SystemSettingsController.deleteSystemSettings(org.personal.mason.feop.server.blog.domain.model.SystemSettings...)
2013-09-03 00:01:55 [localhost-startStop-1] [INFO ] [o.s.w.s.m.m.a.RequestMappingHandlerMapping      ] - Mapped "{[/api/tag/create],methods=[GET],params=[],headers=[],consumes=[],produces=[],custom=[]}" onto public org.personal.mason.feop.server.blog.mvc.model.TagModel org.personal.mason.feop.server.blog.mvc.rest.TagApi.createTag(java.lang.String)
2013-09-03 00:01:55 [localhost-startStop-1] [INFO ] [o.s.w.s.m.m.a.RequestMappingHandlerMapping      ] - Mapped "{[/api/tag/list],methods=[GET],params=[],headers=[],consumes=[],produces=[],custom=[]}" onto public java.util.List<org.personal.mason.feop.server.blog.mvc.model.TagModel> org.personal.mason.feop.server.blog.mvc.rest.TagApi.findTags(java.lang.String)
2013-09-03 00:01:56 [localhost-startStop-1] [INFO ] [o.s.web.servlet.handler.SimpleUrlHandlerMapping ] - Mapped URL path [/resources/**] onto handler 'org.springframework.web.servlet.resource.ResourceHttpRequestHandler#0'
2013-09-03 00:01:56 [localhost-startStop-1] [INFO ] [o.s.web.servlet.handler.SimpleUrlHandlerMapping ] - Mapped URL path [/**] onto handler 'org.springframework.web.servlet.resource.DefaultServletHttpRequestHandler#0'
2013-09-03 00:01:57 [localhost-startStop-1] [INFO ] [o.springframework.web.servlet.DispatcherServlet ] - FrameworkServlet 'blog': initialization completed in 2474 ms
2013-09-03 00:08:34 [localhost-startStop-1] [INFO ] [o.s.c.s.PropertySourcesPlaceholderConfigurer    ] - Loading properties file from file [/Users/mason/SCM/freeedu/service/FEOP/FEOPServer/FEOPServerBlog/target/classes/META-INF/spring/application.properties]
2013-09-03 00:08:34 [localhost-startStop-1] [INFO ] [o.s.c.s.PropertySourcesPlaceholderConfigurer    ] - Loading properties file from file [/Users/mason/SCM/freeedu/service/FEOP/FEOPServer/FEOPServerBlog/target/classes/META-INF/spring/blog-infra.properties]
2013-09-03 00:08:34 [localhost-startStop-1] [INFO ] [o.s.c.s.PropertySourcesPlaceholderConfigurer    ] - Loading properties file from file [/Users/mason/SCM/freeedu/service/FEOP/FEOPServer/FEOPServerBlog/target/classes/META-INF/spring/blog-oauth.properties]
2013-09-03 00:08:36 [localhost-startStop-1] [INFO ] [o.h.e.t.internal.TransactionFactoryInitiator    ] - HHH000268: Transaction strategy: org.hibernate.engine.transaction.internal.jdbc.JdbcTransactionFactory
2013-09-03 00:08:37 [localhost-startStop-1] [INFO ] [org.hibernate.tool.hbm2ddl.SchemaUpdate         ] - HHH000228: Running hbm2ddl schema update
2013-09-03 00:08:37 [localhost-startStop-1] [INFO ] [org.hibernate.tool.hbm2ddl.SchemaUpdate         ] - HHH000102: Fetching database metadata
2013-09-03 00:08:37 [localhost-startStop-1] [INFO ] [org.hibernate.tool.hbm2ddl.SchemaUpdate         ] - HHH000396: Updating schema
2013-09-03 00:08:37 [localhost-startStop-1] [INFO ] [org.hibernate.tool.hbm2ddl.TableMetadata        ] - HHH000261: Table found: blog.blog
2013-09-03 00:08:37 [localhost-startStop-1] [INFO ] [org.hibernate.tool.hbm2ddl.TableMetadata        ] - HHH000037: Columns: [criticized, praised, category_id, blog_title, author_uid, series_id, id, blog_subtitle, read_count, blog_desc, last_update, create_date, blogsetting_id, author_name]
2013-09-03 00:08:37 [localhost-startStop-1] [INFO ] [org.hibernate.tool.hbm2ddl.TableMetadata        ] - HHH000108: Foreign keys: [fk_nuq14ahfvfgfikuvpcptuc1p0, fk_c6bjx18svyosjbdnjoqawq2p2, fk_bk9fqmdtfa13hj9lb6n5pq96q]
2013-09-03 00:08:37 [localhost-startStop-1] [INFO ] [org.hibernate.tool.hbm2ddl.TableMetadata        ] - HHH000126: Indexes: [fk_nuq14ahfvfgfikuvpcptuc1p0, fk_c6bjx18svyosjbdnjoqawq2p2, primary, fk_bk9fqmdtfa13hj9lb6n5pq96q]
2013-09-03 00:08:37 [localhost-startStop-1] [INFO ] [org.hibernate.tool.hbm2ddl.TableMetadata        ] - HHH000261: Table found: blog.blog_section
2013-09-03 00:08:37 [localhost-startStop-1] [INFO ] [org.hibernate.tool.hbm2ddl.TableMetadata        ] - HHH000037: Columns: [id, section_title, section_content, blog_id, seq]
2013-09-03 00:08:37 [localhost-startStop-1] [INFO ] [org.hibernate.tool.hbm2ddl.TableMetadata        ] - HHH000108: Foreign keys: [fk_hwoo3lsbcehecrqrptpkdurpi]
2013-09-03 00:08:37 [localhost-startStop-1] [INFO ] [org.hibernate.tool.hbm2ddl.TableMetadata        ] - HHH000126: Indexes: [fk_hwoo3lsbcehecrqrptpkdurpi, primary]
2013-09-03 00:08:37 [localhost-startStop-1] [INFO ] [org.hibernate.tool.hbm2ddl.TableMetadata        ] - HHH000261: Table found: blog.blog_settings
2013-09-03 00:08:37 [localhost-startStop-1] [INFO ] [org.hibernate.tool.hbm2ddl.TableMetadata        ] - HHH000037: Columns: [id, price, pub_privilege]
2013-09-03 00:08:37 [localhost-startStop-1] [INFO ] [org.hibernate.tool.hbm2ddl.TableMetadata        ] - HHH000108: Foreign keys: []
2013-09-03 00:08:37 [localhost-startStop-1] [INFO ] [org.hibernate.tool.hbm2ddl.TableMetadata        ] - HHH000126: Indexes: [primary]
2013-09-03 00:08:37 [localhost-startStop-1] [INFO ] [org.hibernate.tool.hbm2ddl.TableMetadata        ] - HHH000261: Table found: blog.blog_tags
2013-09-03 00:08:37 [localhost-startStop-1] [INFO ] [org.hibernate.tool.hbm2ddl.TableMetadata        ] - HHH000037: Columns: [blog_id, tag_id]
2013-09-03 00:08:37 [localhost-startStop-1] [INFO ] [org.hibernate.tool.hbm2ddl.TableMetadata        ] - HHH000108: Foreign keys: [fk_71danqpcbpp6312naabyg53hf, fk_7ujutrglra75jbubiae5yw9vy]
2013-09-03 00:08:37 [localhost-startStop-1] [INFO ] [org.hibernate.tool.hbm2ddl.TableMetadata        ] - HHH000126: Indexes: [fk_71danqpcbpp6312naabyg53hf, fk_7ujutrglra75jbubiae5yw9vy]
2013-09-03 00:08:37 [localhost-startStop-1] [INFO ] [org.hibernate.tool.hbm2ddl.TableMetadata        ] - HHH000261: Table found: blog.category
2013-09-03 00:08:37 [localhost-startStop-1] [INFO ] [org.hibernate.tool.hbm2ddl.TableMetadata        ] - HHH000037: Columns: [id, category_name, description, parent_id]
2013-09-03 00:08:37 [localhost-startStop-1] [INFO ] [org.hibernate.tool.hbm2ddl.TableMetadata        ] - HHH000108: Foreign keys: [fk_81thrbnb8c08gua7tvqj7xdqk]
2013-09-03 00:08:37 [localhost-startStop-1] [INFO ] [org.hibernate.tool.hbm2ddl.TableMetadata        ] - HHH000126: Indexes: [fk_81thrbnb8c08gua7tvqj7xdqk, primary]
2013-09-03 00:08:37 [localhost-startStop-1] [INFO ] [org.hibernate.tool.hbm2ddl.TableMetadata        ] - HHH000261: Table found: blog.comment
2013-09-03 00:08:37 [localhost-startStop-1] [INFO ] [org.hibernate.tool.hbm2ddl.TableMetadata        ] - HHH000037: Columns: [at_comment_id, site, id, author, blog_section_id, status, email, blog_id, create_time, comment_content, author_uid]
2013-09-03 00:08:37 [localhost-startStop-1] [INFO ] [org.hibernate.tool.hbm2ddl.TableMetadata        ] - HHH000108: Foreign keys: [fk_c95n0gw4hyk8or9bs6nptvdtj, fk_sjo78khcdxdkpl2cgvxp5kvs5, fk_ckuuiksskfqy0nquyp2d03n2y]
2013-09-03 00:08:37 [localhost-startStop-1] [INFO ] [org.hibernate.tool.hbm2ddl.TableMetadata        ] - HHH000126: Indexes: [fk_c95n0gw4hyk8or9bs6nptvdtj, fk_sjo78khcdxdkpl2cgvxp5kvs5, fk_ckuuiksskfqy0nquyp2d03n2y, primary]
2013-09-03 00:08:37 [localhost-startStop-1] [INFO ] [org.hibernate.tool.hbm2ddl.TableMetadata        ] - HHH000261: Table found: blog.media_info
2013-09-03 00:08:37 [localhost-startStop-1] [INFO ] [org.hibernate.tool.hbm2ddl.TableMetadata        ] - HHH000037: Columns: [id, media_type, media_owner_uid, script_content, media_url, media_name, script, media_addtime, media_redundant_url, media_code]
2013-09-03 00:08:37 [localhost-startStop-1] [INFO ] [org.hibernate.tool.hbm2ddl.TableMetadata        ] - HHH000108: Foreign keys: []
2013-09-03 00:08:37 [localhost-startStop-1] [INFO ] [org.hibernate.tool.hbm2ddl.TableMetadata        ] - HHH000126: Indexes: [uk_8hr17l16jjbw8ytbop2eii3gg, primary]
2013-09-03 00:08:37 [localhost-startStop-1] [INFO ] [org.hibernate.tool.hbm2ddl.TableMetadata        ] - HHH000261: Table found: blog.series
2013-09-03 00:08:37 [localhost-startStop-1] [INFO ] [org.hibernate.tool.hbm2ddl.TableMetadata        ] - HHH000037: Columns: [id, description, series_name, category_id]
2013-09-03 00:08:37 [localhost-startStop-1] [INFO ] [org.hibernate.tool.hbm2ddl.TableMetadata        ] - HHH000108: Foreign keys: [fk_mxi571rtaicay74am72r8c8ax]
2013-09-03 00:08:37 [localhost-startStop-1] [INFO ] [org.hibernate.tool.hbm2ddl.TableMetadata        ] - HHH000126: Indexes: [primary, fk_mxi571rtaicay74am72r8c8ax]
2013-09-03 00:08:37 [localhost-startStop-1] [INFO ] [org.hibernate.tool.hbm2ddl.TableMetadata        ] - HHH000261: Table found: blog.subscribe
2013-09-03 00:08:37 [localhost-startStop-1] [INFO ] [org.hibernate.tool.hbm2ddl.TableMetadata        ] - HHH000037: Columns: [blog_ids, id, subscriber_uid, update_time, create_date, enable, sery_ids, category_ids]
2013-09-03 00:08:37 [localhost-startStop-1] [INFO ] [org.hibernate.tool.hbm2ddl.TableMetadata        ] - HHH000108: Foreign keys: []
2013-09-03 00:08:37 [localhost-startStop-1] [INFO ] [org.hibernate.tool.hbm2ddl.TableMetadata        ] - HHH000126: Indexes: [uk_s9f7kc4n2p6gindadmk56i68b, primary]
2013-09-03 00:08:37 [localhost-startStop-1] [INFO ] [org.hibernate.tool.hbm2ddl.TableMetadata        ] - HHH000261: Table found: blog.system_settings
2013-09-03 00:08:37 [localhost-startStop-1] [INFO ] [org.hibernate.tool.hbm2ddl.TableMetadata        ] - HHH000037: Columns: [setting_profile, id, setting_value, setting_key]
2013-09-03 00:08:37 [localhost-startStop-1] [INFO ] [org.hibernate.tool.hbm2ddl.TableMetadata        ] - HHH000108: Foreign keys: []
2013-09-03 00:08:37 [localhost-startStop-1] [INFO ] [org.hibernate.tool.hbm2ddl.TableMetadata        ] - HHH000126: Indexes: [primary]
2013-09-03 00:08:37 [localhost-startStop-1] [INFO ] [org.hibernate.tool.hbm2ddl.TableMetadata        ] - HHH000261: Table found: blog.tags
2013-09-03 00:08:37 [localhost-startStop-1] [INFO ] [org.hibernate.tool.hbm2ddl.TableMetadata        ] - HHH000037: Columns: [id, tag_name]
2013-09-03 00:08:37 [localhost-startStop-1] [INFO ] [org.hibernate.tool.hbm2ddl.TableMetadata        ] - HHH000108: Foreign keys: []
2013-09-03 00:08:37 [localhost-startStop-1] [INFO ] [org.hibernate.tool.hbm2ddl.TableMetadata        ] - HHH000126: Indexes: [primary]
2013-09-03 00:08:37 [localhost-startStop-1] [INFO ] [org.hibernate.tool.hbm2ddl.SchemaUpdate         ] - HHH000232: Schema update complete
2013-09-03 00:08:38 [localhost-startStop-1] [INFO ] [o.springframework.web.servlet.DispatcherServlet ] - FrameworkServlet 'blog': initialization started
2013-09-03 00:08:39 [localhost-startStop-1] [INFO ] [o.s.c.s.PropertySourcesPlaceholderConfigurer    ] - Loading properties file from file [/Users/mason/SCM/freeedu/service/FEOP/FEOPServer/FEOPServerBlog/target/classes/META-INF/spring/application.properties]
2013-09-03 00:08:39 [localhost-startStop-1] [INFO ] [o.s.c.s.PropertySourcesPlaceholderConfigurer    ] - Loading properties file from file [/Users/mason/SCM/freeedu/service/FEOP/FEOPServer/FEOPServerBlog/target/classes/META-INF/spring/blog-infra.properties]
2013-09-03 00:08:39 [localhost-startStop-1] [INFO ] [o.s.c.s.PropertySourcesPlaceholderConfigurer    ] - Loading properties file from file [/Users/mason/SCM/freeedu/service/FEOP/FEOPServer/FEOPServerBlog/target/classes/META-INF/spring/blog-oauth.properties]
2013-09-03 00:08:40 [localhost-startStop-1] [INFO ] [o.s.w.s.m.m.a.RequestMappingHandlerMapping      ] - Mapped "{[/blog/view],methods=[GET],params=[],headers=[],consumes=[],produces=[],custom=[]}" onto public java.lang.String org.personal.mason.feop.server.blog.mvc.controllers.BlogController.viewBlog(java.lang.Long,org.springframework.ui.Model)
2013-09-03 00:08:40 [localhost-startStop-1] [INFO ] [o.s.w.s.m.m.a.RequestMappingHandlerMapping      ] - Mapped "{[/blog/newest],methods=[],params=[],headers=[],consumes=[],produces=[],custom=[]}" onto public java.lang.String org.personal.mason.feop.server.blog.mvc.controllers.BlogController.getNewestBlogs(org.springframework.data.domain.Pageable,org.springframework.ui.Model,javax.servlet.http.HttpServletRequest)
2013-09-03 00:08:40 [localhost-startStop-1] [INFO ] [o.s.w.s.m.m.a.RequestMappingHandlerMapping      ] - Mapped "{[/blog/search],methods=[],params=[],headers=[],consumes=[],produces=[],custom=[]}" onto public java.lang.String org.personal.mason.feop.server.blog.mvc.controllers.BlogController.searchBlogs(java.lang.String,org.springframework.data.domain.Pageable,org.springframework.ui.Model,javax.servlet.http.HttpServletRequest)
2013-09-03 00:08:40 [localhost-startStop-1] [INFO ] [o.s.w.s.m.m.a.RequestMappingHandlerMapping      ] - Mapped "{[/blog || /blog/list],methods=[GET],params=[],headers=[],consumes=[],produces=[],custom=[]}" onto public java.lang.String org.personal.mason.feop.server.blog.mvc.controllers.BlogController.findBlog(org.springframework.data.domain.Pageable,java.lang.Long,java.lang.Long,org.springframework.ui.Model,javax.servlet.http.HttpServletRequest)
2013-09-03 00:08:40 [localhost-startStop-1] [INFO ] [o.s.w.s.m.m.a.RequestMappingHandlerMapping      ] - Mapped "{[/my/blog/create],methods=[GET],params=[],headers=[],consumes=[],produces=[],custom=[]}" onto public java.lang.String org.personal.mason.feop.server.blog.mvc.controllers.BlogController.createBlog(org.personal.mason.feop.server.blog.mvc.model.BlogModel)
2013-09-03 00:08:40 [localhost-startStop-1] [INFO ] [o.s.w.s.m.m.a.RequestMappingHandlerMapping      ] - Mapped "{[/my/blog/create],methods=[POST],params=[],headers=[],consumes=[],produces=[],custom=[]}" onto public java.lang.String org.personal.mason.feop.server.blog.mvc.controllers.BlogController.saveBlog(org.personal.mason.feop.server.blog.mvc.model.BlogModel,org.springframework.validation.BindingResult,javax.servlet.http.HttpServletRequest)
2013-09-03 00:08:40 [localhost-startStop-1] [INFO ] [o.s.w.s.m.m.a.RequestMappingHandlerMapping      ] - Mapped "{[/my/blog/update],methods=[PUT],params=[],headers=[],consumes=[],produces=[],custom=[]}" onto public java.lang.String org.personal.mason.feop.server.blog.mvc.controllers.BlogController.updateBlog(org.personal.mason.feop.server.blog.mvc.model.BlogModel,org.springframework.validation.BindingResult,javax.servlet.http.HttpServletRequest,org.springframework.ui.Model)
2013-09-03 00:08:40 [localhost-startStop-1] [INFO ] [o.s.w.s.m.m.a.RequestMappingHandlerMapping      ] - Mapped "{[/my/blog/update],methods=[GET],params=[],headers=[],consumes=[],produces=[],custom=[]}" onto public java.lang.String org.personal.mason.feop.server.blog.mvc.controllers.BlogController.updateBlog(java.lang.Long,org.springframework.ui.Model)
2013-09-03 00:08:40 [localhost-startStop-1] [INFO ] [o.s.w.s.m.m.a.RequestMappingHandlerMapping      ] - Mapped "{[/my/blog/delete],methods=[DELETE],params=[],headers=[],consumes=[],produces=[],custom=[]}" onto public void org.personal.mason.feop.server.blog.mvc.controllers.BlogController.deleteBlog(javax.servlet.http.HttpServletRequest,java.lang.Long)
2013-09-03 00:08:40 [localhost-startStop-1] [INFO ] [o.s.w.s.m.m.a.RequestMappingHandlerMapping      ] - Mapped "{[/my/blog/list],methods=[GET],params=[],headers=[],consumes=[],produces=[],custom=[]}" onto public java.lang.String org.personal.mason.feop.server.blog.mvc.controllers.BlogController.findMyBlog(javax.servlet.http.HttpServletRequest,org.springframework.ui.Model,org.springframework.data.domain.Pageable)
2013-09-03 00:08:40 [localhost-startStop-1] [INFO ] [o.s.w.s.m.m.a.RequestMappingHandlerMapping      ] - Mapped "{[/section/save],methods=[POST],params=[],headers=[],consumes=[],produces=[],custom=[]}" onto public java.lang.String org.personal.mason.feop.server.blog.mvc.controllers.BlogSectionController.createSection(org.personal.mason.feop.server.blog.mvc.model.BlogSectionModel,org.springframework.validation.BindingResult)
2013-09-03 00:08:40 [localhost-startStop-1] [INFO ] [o.s.w.s.m.m.a.RequestMappingHandlerMapping      ] - Mapped "{[/section/create],methods=[GET],params=[],headers=[],consumes=[],produces=[],custom=[]}" onto public java.lang.String org.personal.mason.feop.server.blog.mvc.controllers.BlogSectionController.createSection(java.lang.Long,org.springframework.ui.Model)
2013-09-03 00:08:40 [localhost-startStop-1] [INFO ] [o.s.w.s.m.m.a.RequestMappingHandlerMapping      ] - Mapped "{[/section/update],methods=[PUT],params=[],headers=[],consumes=[],produces=[],custom=[]}" onto public java.lang.String org.personal.mason.feop.server.blog.mvc.controllers.BlogSectionController.updateBlog(org.personal.mason.feop.server.blog.mvc.model.BlogSectionModel,org.springframework.validation.BindingResult,java.security.Principal,org.springframework.ui.Model)
2013-09-03 00:08:40 [localhost-startStop-1] [INFO ] [o.s.w.s.m.m.a.RequestMappingHandlerMapping      ] - Mapped "{[/section/update],methods=[GET],params=[],headers=[],consumes=[],produces=[],custom=[]}" onto public java.lang.String org.personal.mason.feop.server.blog.mvc.controllers.BlogSectionController.updateSection(java.lang.Long,org.springframework.ui.Model)
2013-09-03 00:08:40 [localhost-startStop-1] [INFO ] [o.s.w.s.m.m.a.RequestMappingHandlerMapping      ] - Mapped "{[/section/delete],methods=[DELETE],params=[],headers=[],consumes=[],produces=[],custom=[]}" onto public void org.personal.mason.feop.server.blog.mvc.controllers.BlogSectionController.deleteSection(java.lang.Long)
2013-09-03 00:08:40 [localhost-startStop-1] [INFO ] [o.s.w.s.m.m.a.RequestMappingHandlerMapping      ] - Mapped "{[/section/query],methods=[GET],params=[],headers=[],consumes=[],produces=[],custom=[]}" onto public java.lang.String org.personal.mason.feop.server.blog.mvc.controllers.BlogSectionController.findBlogSection(java.lang.Long,org.springframework.data.domain.Pageable,org.springframework.ui.Model)
2013-09-03 00:08:40 [localhost-startStop-1] [INFO ] [o.s.w.s.m.m.a.RequestMappingHandlerMapping      ] - Mapped "{[/setting/update],methods=[PUT],params=[],headers=[],consumes=[],produces=[],custom=[]}" onto public java.lang.String org.personal.mason.feop.server.blog.mvc.controllers.BlogSettingController.update(org.personal.mason.feop.server.blog.mvc.model.BlogSettingModel,org.springframework.validation.BindingResult,org.springframework.ui.Model)
2013-09-03 00:08:40 [localhost-startStop-1] [INFO ] [o.s.w.s.m.m.a.RequestMappingHandlerMapping      ] - Mapped "{[/setting/update],methods=[GET],params=[],headers=[],consumes=[],produces=[],custom=[]}" onto public java.lang.String org.personal.mason.feop.server.blog.mvc.controllers.BlogSettingController.update(java.lang.Long,org.springframework.ui.Model)
2013-09-03 00:08:40 [localhost-startStop-1] [INFO ] [o.s.w.s.m.m.a.RequestMappingHandlerMapping      ] - Mapped "{[/setting],methods=[GET],params=[],headers=[],consumes=[],produces=[],custom=[]}" onto public java.lang.String org.personal.mason.feop.server.blog.mvc.controllers.BlogSettingController.findSettingWithId(java.lang.Long,org.springframework.ui.Model)
2013-09-03 00:08:40 [localhost-startStop-1] [INFO ] [o.s.w.s.m.m.a.RequestMappingHandlerMapping      ] - Mapped "{[/cat/save],methods=[POST],params=[],headers=[],consumes=[],produces=[],custom=[]}" onto public java.lang.String org.personal.mason.feop.server.blog.mvc.controllers.CategoryController.saveCategory(org.personal.mason.feop.server.blog.mvc.model.CategoryModel,org.springframework.validation.BindingResult,org.springframework.ui.Model)
2013-09-03 00:08:40 [localhost-startStop-1] [INFO ] [o.s.w.s.m.m.a.RequestMappingHandlerMapping      ] - Mapped "{[/cat/form],methods=[GET],params=[],headers=[],consumes=[],produces=[],custom=[]}" onto public java.lang.String org.personal.mason.feop.server.blog.mvc.controllers.CategoryController.createCategory(org.springframework.ui.Model)
2013-09-03 00:08:40 [localhost-startStop-1] [INFO ] [o.s.w.s.m.m.a.RequestMappingHandlerMapping      ] - Mapped "{[/cat/delete],methods=[DELETE],params=[],headers=[],consumes=[],produces=[],custom=[]}" onto public void org.personal.mason.feop.server.blog.mvc.controllers.CategoryController.deleteCategory(java.lang.Long)
2013-09-03 00:08:40 [localhost-startStop-1] [INFO ] [o.s.w.s.m.m.a.RequestMappingHandlerMapping      ] - Mapped "{[/comment/create],methods=[GET],params=[],headers=[],consumes=[],produces=[],custom=[]}" onto public java.lang.String org.personal.mason.feop.server.blog.mvc.controllers.CommentController.createComment(java.lang.Long,java.lang.Long,java.lang.Long,org.springframework.ui.Model)
2013-09-03 00:08:40 [localhost-startStop-1] [INFO ] [o.s.w.s.m.m.a.RequestMappingHandlerMapping      ] - Mapped "{[/comment/save],methods=[POST],params=[],headers=[],consumes=[],produces=[],custom=[]}" onto public java.lang.String org.personal.mason.feop.server.blog.mvc.controllers.CommentController.saveComment(org.personal.mason.feop.server.blog.mvc.model.CommentModel,org.springframework.validation.BindingResult)
2013-09-03 00:08:40 [localhost-startStop-1] [INFO ] [o.s.w.s.m.m.a.RequestMappingHandlerMapping      ] - Mapped "{[/comment/b/list],methods=[GET],params=[],headers=[],consumes=[],produces=[],custom=[]}" onto public void org.personal.mason.feop.server.blog.mvc.controllers.CommentController.findBlogComments(java.lang.Long,org.springframework.data.domain.Pageable,org.springframework.ui.Model)
2013-09-03 00:08:40 [localhost-startStop-1] [INFO ] [o.s.w.s.m.m.a.RequestMappingHandlerMapping      ] - Mapped "{[/comment/s/list],methods=[GET],params=[],headers=[],consumes=[],produces=[],custom=[]}" onto public void org.personal.mason.feop.server.blog.mvc.controllers.CommentController.findBlogSectionComments(java.lang.Long,org.springframework.data.domain.Pageable,org.springframework.ui.Model)
2013-09-03 00:08:40 [localhost-startStop-1] [INFO ] [o.s.w.s.m.m.a.RequestMappingHandlerMapping      ] - Mapped "{[/comment/c/list],methods=[GET],params=[],headers=[],consumes=[],produces=[],custom=[]}" onto public void org.personal.mason.feop.server.blog.mvc.controllers.CommentController.findCommentComments(java.lang.Long,org.springframework.data.domain.Pageable,org.springframework.ui.Model)
2013-09-03 00:08:40 [localhost-startStop-1] [INFO ] [o.s.w.s.m.m.a.RequestMappingHandlerMapping      ] - Mapped "{[/media/delete],methods=[DELETE],params=[],headers=[],consumes=[],produces=[],custom=[]}" onto public void org.personal.mason.feop.server.blog.mvc.controllers.MediaInfoController.delete(java.lang.Long)
2013-09-03 00:08:40 [localhost-startStop-1] [INFO ] [o.s.w.s.m.m.a.RequestMappingHandlerMapping      ] - Mapped "{[/media/create],methods=[GET],params=[],headers=[],consumes=[],produces=[],custom=[]}" onto public java.lang.String org.personal.mason.feop.server.blog.mvc.controllers.MediaInfoController.createMedia(org.springframework.ui.Model)
2013-09-03 00:08:40 [localhost-startStop-1] [INFO ] [o.s.w.s.m.m.a.RequestMappingHandlerMapping      ] - Mapped "{[/media/save],methods=[POST],params=[],headers=[],consumes=[],produces=[],custom=[]}" onto public java.lang.String org.personal.mason.feop.server.blog.mvc.controllers.MediaInfoController.saveMedia(org.personal.mason.feop.server.blog.mvc.model.MediaInfoModel,org.springframework.validation.BindingResult,java.security.Principal)
2013-09-03 00:08:40 [localhost-startStop-1] [INFO ] [o.s.w.s.m.m.a.RequestMappingHandlerMapping      ] - Mapped "{[/media/update],methods=[GET],params=[],headers=[],consumes=[],produces=[],custom=[]}" onto public java.lang.String org.personal.mason.feop.server.blog.mvc.controllers.MediaInfoController.updateMedia(java.lang.Long,org.springframework.ui.Model)
2013-09-03 00:08:40 [localhost-startStop-1] [INFO ] [o.s.w.s.m.m.a.RequestMappingHandlerMapping      ] - Mapped "{[/media/update],methods=[POST],params=[],headers=[],consumes=[],produces=[],custom=[]}" onto public java.lang.String org.personal.mason.feop.server.blog.mvc.controllers.MediaInfoController.updateMedia(org.personal.mason.feop.server.blog.mvc.model.MediaInfoModel,org.springframework.validation.BindingResult)
2013-09-03 00:08:40 [localhost-startStop-1] [INFO ] [o.s.w.s.m.m.a.RequestMappingHandlerMapping      ] - Mapped "{[/media/m/list],methods=[GET],params=[],headers=[],consumes=[],produces=[],custom=[]}" onto public java.lang.String org.personal.mason.feop.server.blog.mvc.controllers.MediaInfoController.findMyMedia(org.springframework.data.domain.Pageable,java.security.Principal,org.springframework.ui.Model)
2013-09-03 00:08:40 [localhost-startStop-1] [INFO ] [o.s.w.s.m.m.a.RequestMappingHandlerMapping      ] - Mapped "{[/media/list],methods=[GET],params=[],headers=[],consumes=[],produces=[],custom=[]}" onto public java.lang.String org.personal.mason.feop.server.blog.mvc.controllers.MediaInfoController.findMyMediaByType(java.lang.String,org.springframework.data.domain.Pageable,java.security.Principal,org.springframework.ui.Model)
2013-09-03 00:08:40 [localhost-startStop-1] [INFO ] [o.s.w.s.m.m.a.RequestMappingHandlerMapping      ] - Mapped "{[/ || /index],methods=[GET],params=[],headers=[],consumes=[],produces=[],custom=[]}" onto public java.lang.String org.personal.mason.feop.server.blog.mvc.controllers.ServerController.index()
2013-09-03 00:08:40 [localhost-startStop-1] [INFO ] [o.s.w.s.m.m.a.RequestMappingHandlerMapping      ] - Mapped "{[/errorPage],methods=[],params=[],headers=[],consumes=[],produces=[],custom=[]}" onto public java.lang.String org.personal.mason.feop.server.blog.mvc.controllers.ServerController.error(java.lang.String,org.springframework.ui.Model)
2013-09-03 00:08:40 [localhost-startStop-1] [INFO ] [o.s.w.s.m.m.a.RequestMappingHandlerMapping      ] - Mapped "{[/home],methods=[GET],params=[],headers=[],consumes=[],produces=[],custom=[]}" onto public java.lang.String org.personal.mason.feop.server.blog.mvc.controllers.ServerController.home(java.security.Principal)
2013-09-03 00:08:40 [localhost-startStop-1] [INFO ] [o.s.w.s.m.m.a.RequestMappingHandlerMapping      ] - Mapped "{[/sery/list],methods=[GET],params=[],headers=[],consumes=[],produces=[],custom=[]}" onto public java.lang.String org.personal.mason.feop.server.blog.mvc.controllers.SeryController.findByName(java.lang.String,org.springframework.data.domain.Pageable,org.springframework.ui.Model)
2013-09-03 00:08:40 [localhost-startStop-1] [INFO ] [o.s.w.s.m.m.a.RequestMappingHandlerMapping      ] - Mapped "{[/sery/create],methods=[GET],params=[],headers=[],consumes=[],produces=[],custom=[]}" onto public java.lang.String org.personal.mason.feop.server.blog.mvc.controllers.SeryController.createSery(org.springframework.ui.Model)
2013-09-03 00:08:40 [localhost-startStop-1] [INFO ] [o.s.w.s.m.m.a.RequestMappingHandlerMapping      ] - Mapped "{[/sery/save],methods=[POST],params=[],headers=[],consumes=[],produces=[],custom=[]}" onto public java.lang.String org.personal.mason.feop.server.blog.mvc.controllers.SeryController.saveSery(org.personal.mason.feop.server.blog.mvc.model.SeryModel,org.springframework.validation.BindingResult)
2013-09-03 00:08:40 [localhost-startStop-1] [INFO ] [o.s.w.s.m.m.a.RequestMappingHandlerMapping      ] - Mapped "{[/sery/delete],methods=[DELETE],params=[],headers=[],consumes=[],produces=[],custom=[]}" onto public void org.personal.mason.feop.server.blog.mvc.controllers.SeryController.deleteSery(java.lang.Long)
2013-09-03 00:08:40 [localhost-startStop-1] [INFO ] [o.s.w.s.m.m.a.RequestMappingHandlerMapping      ] - Mapped "{[/sery/c/list],methods=[GET],params=[],headers=[],consumes=[],produces=[],custom=[]}" onto public java.lang.String org.personal.mason.feop.server.blog.mvc.controllers.SeryController.findByCategory(java.lang.Long,org.springframework.data.domain.Pageable,org.springframework.ui.Model)
2013-09-03 00:08:40 [localhost-startStop-1] [INFO ] [o.s.w.s.m.m.a.RequestMappingHandlerMapping      ] - Mapped "{[/sub/add],methods=[GET],params=[],headers=[],consumes=[],produces=[],custom=[]}" onto public void org.personal.mason.feop.server.blog.mvc.controllers.SubscribeController.subscribeBlog(java.lang.Long,java.lang.Long,java.lang.Long,java.security.Principal)
2013-09-03 00:08:40 [localhost-startStop-1] [INFO ] [o.s.w.s.m.m.a.RequestMappingHandlerMapping      ] - Mapped "{[/sub/create],methods=[GET],params=[],headers=[],consumes=[],produces=[],custom=[]}" onto public java.lang.String org.personal.mason.feop.server.blog.mvc.controllers.SubscribeController.createSubscribe(java.security.Principal)
2013-09-03 00:08:40 [localhost-startStop-1] [INFO ] [o.s.w.s.m.m.a.RequestMappingHandlerMapping      ] - Mapped "{[/sub/del],methods=[DELETE],params=[],headers=[],consumes=[],produces=[],custom=[]}" onto public void org.personal.mason.feop.server.blog.mvc.controllers.SubscribeController.unsubscribeBlog(java.lang.Long,java.lang.Long,java.lang.Long,java.security.Principal)
2013-09-03 00:08:40 [localhost-startStop-1] [INFO ] [o.s.w.s.m.m.a.RequestMappingHandlerMapping      ] - Mapped "{[/sub/m/list],methods=[GET],params=[],headers=[],consumes=[],produces=[],custom=[]}" onto public java.lang.String org.personal.mason.feop.server.blog.mvc.controllers.SubscribeController.findMySubscribe(java.security.Principal,org.springframework.ui.Model)
2013-09-03 00:08:40 [localhost-startStop-1] [INFO ] [o.s.w.s.m.m.a.RequestMappingHandlerMapping      ] - Mapped "{[/tag/create],methods=[GET],params=[],headers=[],consumes=[],produces=[],custom=[]}" onto public void org.personal.mason.feop.server.blog.mvc.controllers.TagController.createTag(java.lang.String)
2013-09-03 00:08:40 [localhost-startStop-1] [INFO ] [o.s.w.s.m.m.a.RequestMappingHandlerMapping      ] - Mapped "{[/tag/list],methods=[],params=[],headers=[],consumes=[],produces=[],custom=[]}" onto public java.lang.String org.personal.mason.feop.server.blog.mvc.controllers.TagController.findTags(java.lang.String,org.springframework.ui.Model)
2013-09-03 00:08:40 [localhost-startStop-1] [INFO ] [o.s.w.s.m.m.a.RequestMappingHandlerMapping      ] - Mapped "{[/user/login],methods=[GET],params=[],headers=[],consumes=[],produces=[],custom=[]}" onto public java.lang.String org.personal.mason.feop.server.blog.mvc.controllers.UserController.login(javax.servlet.http.HttpServletRequest,javax.servlet.http.HttpServletResponse)
2013-09-03 00:08:40 [localhost-startStop-1] [INFO ] [o.s.w.s.m.m.a.RequestMappingHandlerMapping      ] - Mapped "{[/user/logout],methods=[],params=[],headers=[],consumes=[],produces=[],custom=[]}" onto public java.lang.String org.personal.mason.feop.server.blog.mvc.controllers.UserController.logout(javax.servlet.http.HttpServletRequest,javax.servlet.http.HttpServletResponse)
2013-09-03 00:08:40 [localhost-startStop-1] [INFO ] [o.s.w.s.m.m.a.RequestMappingHandlerMapping      ] - Mapped "{[/signup],methods=[],params=[],headers=[],consumes=[],produces=[],custom=[]}" onto public java.lang.String org.personal.mason.feop.server.blog.mvc.controllers.UserController.signup(javax.servlet.http.HttpServletRequest,javax.servlet.http.HttpServletResponse)
2013-09-03 00:08:40 [localhost-startStop-1] [INFO ] [o.s.w.s.m.m.a.RequestMappingHandlerMapping      ] - Mapped "{[/api/blog],methods=[GET],params=[],headers=[],consumes=[],produces=[],custom=[]}" onto public org.personal.mason.feop.server.blog.mvc.model.BlogModel org.personal.mason.feop.server.blog.mvc.rest.BlogApi.viewBlog(java.lang.Long)
2013-09-03 00:08:40 [localhost-startStop-1] [INFO ] [o.s.w.s.m.m.a.RequestMappingHandlerMapping      ] - Mapped "{[/api/blog/newest],methods=[],params=[],headers=[],consumes=[],produces=[],custom=[]}" onto public org.springframework.data.domain.Page<org.personal.mason.feop.server.blog.mvc.model.BlogModel> org.personal.mason.feop.server.blog.mvc.rest.BlogApi.getNewestBlogs(org.springframework.data.domain.Pageable)
2013-09-03 00:08:40 [localhost-startStop-1] [INFO ] [o.s.w.s.m.m.a.RequestMappingHandlerMapping      ] - Mapped "{[/api/blog/search],methods=[],params=[],headers=[],consumes=[],produces=[],custom=[]}" onto public java.util.List<org.personal.mason.feop.server.blog.mvc.model.BlogModel> org.personal.mason.feop.server.blog.mvc.rest.BlogApi.searchBlogs(java.lang.String,org.springframework.data.domain.Pageable)
2013-09-03 00:08:40 [localhost-startStop-1] [INFO ] [o.s.w.s.m.m.a.RequestMappingHandlerMapping      ] - Mapped "{[/api/blog/list],methods=[GET],params=[],headers=[],consumes=[],produces=[],custom=[]}" onto public java.util.List<org.personal.mason.feop.server.blog.mvc.model.BlogModel> org.personal.mason.feop.server.blog.mvc.rest.BlogApi.findBlog(org.springframework.data.domain.Pageable,java.lang.Long,java.lang.Long)
2013-09-03 00:08:40 [localhost-startStop-1] [INFO ] [o.s.w.s.m.m.a.RequestMappingHandlerMapping      ] - Mapped "{[/api/my/blog/create],methods=[POST],params=[],headers=[],consumes=[],produces=[],custom=[]}" onto public org.personal.mason.feop.server.blog.mvc.model.BlogModel org.personal.mason.feop.server.blog.mvc.rest.BlogApi.saveBlog(javax.servlet.http.HttpServletRequest,org.personal.mason.feop.server.blog.mvc.model.BlogModel)
2013-09-03 00:08:40 [localhost-startStop-1] [INFO ] [o.s.w.s.m.m.a.RequestMappingHandlerMapping      ] - Mapped "{[/api/my/blog/update],methods=[PUT],params=[],headers=[],consumes=[],produces=[],custom=[]}" onto public org.personal.mason.feop.server.blog.mvc.model.BlogModel org.personal.mason.feop.server.blog.mvc.rest.BlogApi.updateBlog(org.personal.mason.feop.server.blog.mvc.model.BlogModel,javax.servlet.http.HttpServletRequest)
2013-09-03 00:08:40 [localhost-startStop-1] [INFO ] [o.s.w.s.m.m.a.RequestMappingHandlerMapping      ] - Mapped "{[/api/my/blog/delete],methods=[DELETE],params=[],headers=[],consumes=[],produces=[],custom=[]}" onto public void org.personal.mason.feop.server.blog.mvc.rest.BlogApi.deleteBlog(javax.servlet.http.HttpServletRequest,java.lang.Long)
2013-09-03 00:08:40 [localhost-startStop-1] [INFO ] [o.s.w.s.m.m.a.RequestMappingHandlerMapping      ] - Mapped "{[/api/my/blog/list],methods=[GET],params=[],headers=[],consumes=[],produces=[],custom=[]}" onto public java.util.List<org.personal.mason.feop.server.blog.mvc.model.BlogModel> org.personal.mason.feop.server.blog.mvc.rest.BlogApi.findMyBlog(javax.servlet.http.HttpServletRequest,org.springframework.data.domain.Pageable)
2013-09-03 00:08:40 [localhost-startStop-1] [INFO ] [o.s.w.s.m.m.a.RequestMappingHandlerMapping      ] - Mapped "{[/api/section/save],methods=[POST],params=[],headers=[],consumes=[],produces=[],custom=[]}" onto public org.personal.mason.feop.server.blog.domain.model.BlogSection org.personal.mason.feop.server.blog.mvc.rest.BlogSectionApi.createSection(org.personal.mason.feop.server.blog.mvc.model.BlogSectionModel)
2013-09-03 00:08:40 [localhost-startStop-1] [INFO ] [o.s.w.s.m.m.a.RequestMappingHandlerMapping      ] - Mapped "{[/api/section/update],methods=[PUT],params=[],headers=[],consumes=[],produces=[],custom=[]}" onto public org.personal.mason.feop.server.blog.mvc.model.BlogSectionModel org.personal.mason.feop.server.blog.mvc.rest.BlogSectionApi.updateBlog(org.personal.mason.feop.server.blog.mvc.model.BlogSectionModel)
2013-09-03 00:08:40 [localhost-startStop-1] [INFO ] [o.s.w.s.m.m.a.RequestMappingHandlerMapping      ] - Mapped "{[/api/section/delete],methods=[DELETE],params=[],headers=[],consumes=[],produces=[],custom=[]}" onto public void org.personal.mason.feop.server.blog.mvc.rest.BlogSectionApi.deleteSection(java.lang.Long)
2013-09-03 00:08:40 [localhost-startStop-1] [INFO ] [o.s.w.s.m.m.a.RequestMappingHandlerMapping      ] - Mapped "{[/api/section/query],methods=[GET],params=[],headers=[],consumes=[],produces=[],custom=[]}" onto public java.util.List<org.personal.mason.feop.server.blog.mvc.model.BlogSectionModel> org.personal.mason.feop.server.blog.mvc.rest.BlogSectionApi.findBlogSection(java.lang.Long)
2013-09-03 00:08:40 [localhost-startStop-1] [INFO ] [o.s.w.s.m.m.a.RequestMappingHandlerMapping      ] - Mapped "{[/api/setting/update],methods=[PUT],params=[],headers=[],consumes=[],produces=[],custom=[]}" onto public org.personal.mason.feop.server.blog.mvc.model.BlogSettingModel org.personal.mason.feop.server.blog.mvc.rest.BlogSettingApi.update(org.personal.mason.feop.server.blog.mvc.model.BlogSettingModel)
2013-09-03 00:08:40 [localhost-startStop-1] [INFO ] [o.s.w.s.m.m.a.RequestMappingHandlerMapping      ] - Mapped "{[/api/setting],methods=[GET],params=[],headers=[],consumes=[],produces=[],custom=[]}" onto public org.personal.mason.feop.server.blog.mvc.model.BlogSettingModel org.personal.mason.feop.server.blog.mvc.rest.BlogSettingApi.findSettingWithId(java.lang.Long)
2013-09-03 00:08:40 [localhost-startStop-1] [INFO ] [o.s.w.s.m.m.a.RequestMappingHandlerMapping      ] - Mapped "{[/api/cat/save],methods=[POST],params=[],headers=[],consumes=[],produces=[],custom=[]}" onto public org.personal.mason.feop.server.blog.mvc.model.CategoryModel org.personal.mason.feop.server.blog.mvc.rest.CategoryApi.saveCategory(org.personal.mason.feop.server.blog.mvc.model.CategoryModel)
2013-09-03 00:08:40 [localhost-startStop-1] [INFO ] [o.s.w.s.m.m.a.RequestMappingHandlerMapping      ] - Mapped "{[/api/cat/delete],methods=[DELETE],params=[],headers=[],consumes=[],produces=[],custom=[]}" onto public void org.personal.mason.feop.server.blog.mvc.rest.CategoryApi.deleteCategory(java.lang.Long)
2013-09-03 00:08:40 [localhost-startStop-1] [INFO ] [o.s.w.s.m.m.a.RequestMappingHandlerMapping      ] - Mapped "{[/api/cat],methods=[GET],params=[],headers=[],consumes=[],produces=[],custom=[]}" onto public org.personal.mason.feop.server.blog.mvc.model.CategoryModel org.personal.mason.feop.server.blog.mvc.rest.CategoryApi.findCategoryById(java.lang.Long)
2013-09-03 00:08:40 [localhost-startStop-1] [INFO ] [o.s.w.s.m.m.a.RequestMappingHandlerMapping      ] - Mapped "{[/api/cat/top],methods=[GET],params=[],headers=[],consumes=[],produces=[],custom=[]}" onto public java.util.List<org.personal.mason.feop.server.blog.mvc.model.CategoryModel> org.personal.mason.feop.server.blog.mvc.rest.CategoryApi.findTopLevelCategories()
2013-09-03 00:08:40 [localhost-startStop-1] [INFO ] [o.s.w.s.m.m.a.RequestMappingHandlerMapping      ] - Mapped "{[/api/cat/sub],methods=[GET],params=[],headers=[],consumes=[],produces=[],custom=[]}" onto public java.util.List<org.personal.mason.feop.server.blog.mvc.model.CategoryModel> org.personal.mason.feop.server.blog.mvc.rest.CategoryApi.findSubCategories(java.lang.Long)
2013-09-03 00:08:40 [localhost-startStop-1] [INFO ] [o.s.w.s.m.m.a.RequestMappingHandlerMapping      ] - Mapped "{[/api/comment/save],methods=[POST],params=[],headers=[],consumes=[],produces=[],custom=[]}" onto public org.personal.mason.feop.server.blog.mvc.model.CommentModel org.personal.mason.feop.server.blog.mvc.rest.CommonApi.saveComment(org.personal.mason.feop.server.blog.mvc.model.CommentModel)
2013-09-03 00:08:40 [localhost-startStop-1] [INFO ] [o.s.w.s.m.m.a.RequestMappingHandlerMapping      ] - Mapped "{[/api/comment/list],methods=[GET],params=[],headers=[],consumes=[],produces=[],custom=[]}" onto public java.util.List<org.personal.mason.feop.server.blog.mvc.model.CommentModel> org.personal.mason.feop.server.blog.mvc.rest.CommonApi.findCommonts(java.lang.Long,java.lang.Long,java.lang.Long,org.springframework.data.domain.Pageable)
2013-09-03 00:08:40 [localhost-startStop-1] [INFO ] [o.s.w.s.m.m.a.RequestMappingHandlerMapping      ] - Mapped "{[/api/media/delete],methods=[DELETE],params=[],headers=[],consumes=[],produces=[],custom=[]}" onto public void org.personal.mason.feop.server.blog.mvc.rest.MediaInfoApi.delete(java.lang.Long)
2013-09-03 00:08:40 [localhost-startStop-1] [INFO ] [o.s.w.s.m.m.a.RequestMappingHandlerMapping      ] - Mapped "{[/api/media/save],methods=[POST],params=[],headers=[],consumes=[],produces=[],custom=[]}" onto public org.personal.mason.feop.server.blog.mvc.model.MediaInfoModel org.personal.mason.feop.server.blog.mvc.rest.MediaInfoApi.saveMedia(org.personal.mason.feop.server.blog.mvc.model.MediaInfoModel,javax.servlet.http.HttpServletRequest)
2013-09-03 00:08:40 [localhost-startStop-1] [INFO ] [o.s.w.s.m.m.a.RequestMappingHandlerMapping      ] - Mapped "{[/api/media/update],methods=[PUT],params=[],headers=[],consumes=[],produces=[],custom=[]}" onto public org.personal.mason.feop.server.blog.mvc.model.MediaInfoModel org.personal.mason.feop.server.blog.mvc.rest.MediaInfoApi.updateMedia(org.personal.mason.feop.server.blog.mvc.model.MediaInfoModel)
2013-09-03 00:08:40 [localhost-startStop-1] [INFO ] [o.s.w.s.m.m.a.RequestMappingHandlerMapping      ] - Mapped "{[/api/media/list],methods=[GET],params=[],headers=[],consumes=[],produces=[],custom=[]}" onto public java.util.List<org.personal.mason.feop.server.blog.mvc.model.MediaInfoModel> org.personal.mason.feop.server.blog.mvc.rest.MediaInfoApi.findMyMedia(org.springframework.data.domain.Pageable,java.lang.String,javax.servlet.http.HttpServletRequest)
2013-09-03 00:08:40 [localhost-startStop-1] [INFO ] [o.s.w.s.m.m.a.RequestMappingHandlerMapping      ] - Mapped "{[/api/sery/list],methods=[GET],params=[],headers=[],consumes=[],produces=[],custom=[]}" onto public java.util.List<org.personal.mason.feop.server.blog.mvc.model.SeryModel> org.personal.mason.feop.server.blog.mvc.rest.SeryApi.findByName(java.lang.String,java.lang.Long,org.springframework.data.domain.Pageable)
2013-09-03 00:08:40 [localhost-startStop-1] [INFO ] [o.s.w.s.m.m.a.RequestMappingHandlerMapping      ] - Mapped "{[/api/sery/save],methods=[POST],params=[],headers=[],consumes=[],produces=[],custom=[]}" onto public org.personal.mason.feop.server.blog.mvc.model.SeryModel org.personal.mason.feop.server.blog.mvc.rest.SeryApi.saveSery(org.personal.mason.feop.server.blog.mvc.model.SeryModel)
2013-09-03 00:08:40 [localhost-startStop-1] [INFO ] [o.s.w.s.m.m.a.RequestMappingHandlerMapping      ] - Mapped "{[/api/sery/delete],methods=[DELETE],params=[],headers=[],consumes=[],produces=[],custom=[]}" onto public void org.personal.mason.feop.server.blog.mvc.rest.SeryApi.deleteSery(java.lang.Long)
2013-09-03 00:08:40 [localhost-startStop-1] [INFO ] [o.s.w.s.m.m.a.RequestMappingHandlerMapping      ] - Mapped "{[/api/sub/add],methods=[GET],params=[],headers=[],consumes=[],produces=[],custom=[]}" onto public org.personal.mason.feop.server.blog.mvc.model.SubscribeModel org.personal.mason.feop.server.blog.mvc.rest.SubscribeApi.subscribeBlog(java.lang.Long,java.lang.Long,java.lang.Long,javax.servlet.http.HttpServletRequest)
2013-09-03 00:08:40 [localhost-startStop-1] [INFO ] [o.s.w.s.m.m.a.RequestMappingHandlerMapping      ] - Mapped "{[/api/sub/del],methods=[GET],params=[],headers=[],consumes=[],produces=[],custom=[]}" onto public org.personal.mason.feop.server.blog.mvc.model.SubscribeModel org.personal.mason.feop.server.blog.mvc.rest.SubscribeApi.unsubscribeBlog(java.lang.Long,java.lang.Long,java.lang.Long,javax.servlet.http.HttpServletRequest)
2013-09-03 00:08:40 [localhost-startStop-1] [INFO ] [o.s.w.s.m.m.a.RequestMappingHandlerMapping      ] - Mapped "{[/api/sub/my],methods=[GET],params=[],headers=[],consumes=[],produces=[],custom=[]}" onto public org.personal.mason.feop.server.blog.mvc.model.SubscribeModel org.personal.mason.feop.server.blog.mvc.rest.SubscribeApi.findMySubscribe(javax.servlet.http.HttpServletRequest)
2013-09-03 00:08:40 [localhost-startStop-1] [INFO ] [o.s.w.s.m.m.a.RequestMappingHandlerMapping      ] - Mapped "{[/syssetting/oauthkeys],methods=[],params=[],headers=[],consumes=[],produces=[],custom=[]}" onto public java.util.List<java.lang.String> org.personal.mason.feop.server.blog.mvc.rest.SystemSettingsController.listOauthKeys()
2013-09-03 00:08:40 [localhost-startStop-1] [INFO ] [o.s.w.s.m.m.a.RequestMappingHandlerMapping      ] - Mapped "{[/syssetting/list],methods=[],params=[],headers=[],consumes=[],produces=[],custom=[]}" onto public java.util.List<org.personal.mason.feop.server.blog.domain.model.SystemSettings> org.personal.mason.feop.server.blog.mvc.rest.SystemSettingsController.findSystemSettings(java.lang.String)
2013-09-03 00:08:40 [localhost-startStop-1] [INFO ] [o.s.w.s.m.m.a.RequestMappingHandlerMapping      ] - Mapped "{[/syssetting/update],methods=[PUT],params=[],headers=[],consumes=[],produces=[],custom=[]}" onto public java.util.List<org.personal.mason.feop.server.blog.domain.model.SystemSettings> org.personal.mason.feop.server.blog.mvc.rest.SystemSettingsController.updateSystemSettings(org.personal.mason.feop.server.blog.domain.model.SystemSettings...)
2013-09-03 00:08:40 [localhost-startStop-1] [INFO ] [o.s.w.s.m.m.a.RequestMappingHandlerMapping      ] - Mapped "{[/syssetting/delete],methods=[DELETE],params=[],headers=[],consumes=[],produces=[],custom=[]}" onto public void org.personal.mason.feop.server.blog.mvc.rest.SystemSettingsController.deleteSystemSettings(org.personal.mason.feop.server.blog.domain.model.SystemSettings...)
2013-09-03 00:08:40 [localhost-startStop-1] [INFO ] [o.s.w.s.m.m.a.RequestMappingHandlerMapping      ] - Mapped "{[/api/tag/create],methods=[GET],params=[],headers=[],consumes=[],produces=[],custom=[]}" onto public org.personal.mason.feop.server.blog.mvc.model.TagModel org.personal.mason.feop.server.blog.mvc.rest.TagApi.createTag(java.lang.String)
2013-09-03 00:08:40 [localhost-startStop-1] [INFO ] [o.s.w.s.m.m.a.RequestMappingHandlerMapping      ] - Mapped "{[/api/tag/list],methods=[GET],params=[],headers=[],consumes=[],produces=[],custom=[]}" onto public java.util.List<org.personal.mason.feop.server.blog.mvc.model.TagModel> org.personal.mason.feop.server.blog.mvc.rest.TagApi.findTags(java.lang.String)
2013-09-03 00:08:41 [localhost-startStop-1] [INFO ] [o.s.web.servlet.handler.SimpleUrlHandlerMapping ] - Mapped URL path [/resources/**] onto handler 'org.springframework.web.servlet.resource.ResourceHttpRequestHandler#0'
2013-09-03 00:08:41 [localhost-startStop-1] [INFO ] [o.s.web.servlet.handler.SimpleUrlHandlerMapping ] - Mapped URL path [/**] onto handler 'org.springframework.web.servlet.resource.DefaultServletHttpRequestHandler#0'
2013-09-03 00:08:41 [localhost-startStop-1] [INFO ] [o.springframework.web.servlet.DispatcherServlet ] - FrameworkServlet 'blog': initialization completed in 2532 ms
