2013-08-23 23:55:19 [localhost-startStop-1] [INFO ] [o.s.c.s.PropertySourcesPlaceholderConfigurer    ] - Loading properties file from file [/Users/mason/SCM/freeedu/service/FEOP/FEOPServer/FEOPServerBlog/target/classes/META-INF/spring/application.properties]
2013-08-23 23:55:19 [localhost-startStop-1] [INFO ] [o.s.c.s.PropertySourcesPlaceholderConfigurer    ] - Loading properties file from file [/Users/mason/SCM/freeedu/service/FEOP/FEOPServer/FEOPServerBlog/target/classes/META-INF/spring/blog-infra.properties]
2013-08-23 23:55:19 [localhost-startStop-1] [INFO ] [o.s.c.s.PropertySourcesPlaceholderConfigurer    ] - Loading properties file from file [/Users/mason/SCM/freeedu/service/FEOP/FEOPServer/FEOPServerBlog/target/classes/META-INF/spring/blog-oauth.properties]
2013-08-23 23:55:21 [localhost-startStop-1] [INFO ] [o.h.e.t.internal.TransactionFactoryInitiator    ] - HHH000268: Transaction strategy: org.hibernate.engine.transaction.internal.jdbc.JdbcTransactionFactory
2013-08-23 23:55:22 [localhost-startStop-1] [INFO ] [org.hibernate.tool.hbm2ddl.SchemaUpdate         ] - HHH000228: Running hbm2ddl schema update
2013-08-23 23:55:22 [localhost-startStop-1] [INFO ] [org.hibernate.tool.hbm2ddl.SchemaUpdate         ] - HHH000102: Fetching database metadata
2013-08-23 23:55:22 [localhost-startStop-1] [INFO ] [org.hibernate.tool.hbm2ddl.SchemaUpdate         ] - HHH000396: Updating schema
2013-08-23 23:55:22 [localhost-startStop-1] [INFO ] [org.hibernate.tool.hbm2ddl.TableMetadata        ] - HHH000261: Table found: blog.blog
2013-08-23 23:55:22 [localhost-startStop-1] [INFO ] [org.hibernate.tool.hbm2ddl.TableMetadata        ] - HHH000037: Columns: [blog_subtitle, tag_ids, last_update, blog_desc, blogsetting_id, create_date, author_name, category_id, blog_title, author_uid, series_id]
2013-08-23 23:55:22 [localhost-startStop-1] [INFO ] [org.hibernate.tool.hbm2ddl.TableMetadata        ] - HHH000108: Foreign keys: [fk_nuq14ahfvfgfikuvpcptuc1p0, fk_c6bjx18svyosjbdnjoqawq2p2, fk_bk9fqmdtfa13hj9lb6n5pq96q]
2013-08-23 23:55:22 [localhost-startStop-1] [INFO ] [org.hibernate.tool.hbm2ddl.TableMetadata        ] - HHH000126: Indexes: [fk_nuq14ahfvfgfikuvpcptuc1p0, fk_c6bjx18svyosjbdnjoqawq2p2, primary, fk_bk9fqmdtfa13hj9lb6n5pq96q]
2013-08-23 23:55:22 [localhost-startStop-1] [INFO ] [org.hibernate.tool.hbm2ddl.TableMetadata        ] - HHH000261: Table found: blog.blog_section
2013-08-23 23:55:22 [localhost-startStop-1] [INFO ] [org.hibernate.tool.hbm2ddl.TableMetadata        ] - HHH000037: Columns: [id, section_title, blog_blogsetting_id, section_content, seq]
2013-08-23 23:55:22 [localhost-startStop-1] [INFO ] [org.hibernate.tool.hbm2ddl.TableMetadata        ] - HHH000108: Foreign keys: [fk_o1wdqufa0gn7y5q4qvh7rikdd]
2013-08-23 23:55:22 [localhost-startStop-1] [INFO ] [org.hibernate.tool.hbm2ddl.TableMetadata        ] - HHH000126: Indexes: [primary, fk_o1wdqufa0gn7y5q4qvh7rikdd]
2013-08-23 23:55:22 [localhost-startStop-1] [INFO ] [org.hibernate.tool.hbm2ddl.TableMetadata        ] - HHH000261: Table found: blog.blog_settings
2013-08-23 23:55:22 [localhost-startStop-1] [INFO ] [org.hibernate.tool.hbm2ddl.TableMetadata        ] - HHH000037: Columns: [id, price, pub_privilege]
2013-08-23 23:55:22 [localhost-startStop-1] [INFO ] [org.hibernate.tool.hbm2ddl.TableMetadata        ] - HHH000108: Foreign keys: []
2013-08-23 23:55:22 [localhost-startStop-1] [INFO ] [org.hibernate.tool.hbm2ddl.TableMetadata        ] - HHH000126: Indexes: [primary]
2013-08-23 23:55:22 [localhost-startStop-1] [INFO ] [org.hibernate.tool.hbm2ddl.TableMetadata        ] - HHH000261: Table found: blog.category
2013-08-23 23:55:22 [localhost-startStop-1] [INFO ] [org.hibernate.tool.hbm2ddl.TableMetadata        ] - HHH000037: Columns: [id, category_name, description, parent_id]
2013-08-23 23:55:22 [localhost-startStop-1] [INFO ] [org.hibernate.tool.hbm2ddl.TableMetadata        ] - HHH000108: Foreign keys: [fk_81thrbnb8c08gua7tvqj7xdqk]
2013-08-23 23:55:22 [localhost-startStop-1] [INFO ] [org.hibernate.tool.hbm2ddl.TableMetadata        ] - HHH000126: Indexes: [fk_81thrbnb8c08gua7tvqj7xdqk, primary]
2013-08-23 23:55:22 [localhost-startStop-1] [INFO ] [org.hibernate.tool.hbm2ddl.TableMetadata        ] - HHH000261: Table found: blog.comment
2013-08-23 23:55:22 [localhost-startStop-1] [INFO ] [org.hibernate.tool.hbm2ddl.TableMetadata        ] - HHH000037: Columns: [at_comment_id, id, author, blog_section_id, status, email, blog_blogsetting_id, create_time, comment_content, author_uid]
2013-08-23 23:55:22 [localhost-startStop-1] [INFO ] [org.hibernate.tool.hbm2ddl.TableMetadata        ] - HHH000108: Foreign keys: [fk_c95n0gw4hyk8or9bs6nptvdtj, fk_ckuuiksskfqy0nquyp2d03n2y, fk_ecmisb9d4a8s2urm87ggdkm8j]
2013-08-23 23:55:22 [localhost-startStop-1] [INFO ] [org.hibernate.tool.hbm2ddl.TableMetadata        ] - HHH000126: Indexes: [fk_c95n0gw4hyk8or9bs6nptvdtj, fk_ckuuiksskfqy0nquyp2d03n2y, primary, fk_ecmisb9d4a8s2urm87ggdkm8j]
2013-08-23 23:55:22 [localhost-startStop-1] [INFO ] [org.hibernate.tool.hbm2ddl.TableMetadata        ] - HHH000261: Table found: blog.media_info
2013-08-23 23:55:22 [localhost-startStop-1] [INFO ] [org.hibernate.tool.hbm2ddl.TableMetadata        ] - HHH000037: Columns: [id, media_type, media_owner_uid, media_url, media_name, media_addtime, media_redundant_url, media_code]
2013-08-23 23:55:22 [localhost-startStop-1] [INFO ] [org.hibernate.tool.hbm2ddl.TableMetadata        ] - HHH000108: Foreign keys: []
2013-08-23 23:55:22 [localhost-startStop-1] [INFO ] [org.hibernate.tool.hbm2ddl.TableMetadata        ] - HHH000126: Indexes: [uk_8hr17l16jjbw8ytbop2eii3gg, primary]
2013-08-23 23:55:22 [localhost-startStop-1] [INFO ] [org.hibernate.tool.hbm2ddl.TableMetadata        ] - HHH000261: Table found: blog.series
2013-08-23 23:55:22 [localhost-startStop-1] [INFO ] [org.hibernate.tool.hbm2ddl.TableMetadata        ] - HHH000037: Columns: [id, description, series_name, category_id]
2013-08-23 23:55:22 [localhost-startStop-1] [INFO ] [org.hibernate.tool.hbm2ddl.TableMetadata        ] - HHH000108: Foreign keys: [fk_mxi571rtaicay74am72r8c8ax]
2013-08-23 23:55:22 [localhost-startStop-1] [INFO ] [org.hibernate.tool.hbm2ddl.TableMetadata        ] - HHH000126: Indexes: [primary, fk_mxi571rtaicay74am72r8c8ax]
2013-08-23 23:55:22 [localhost-startStop-1] [INFO ] [org.hibernate.tool.hbm2ddl.TableMetadata        ] - HHH000261: Table found: blog.subscribe
2013-08-23 23:55:22 [localhost-startStop-1] [INFO ] [org.hibernate.tool.hbm2ddl.TableMetadata        ] - HHH000037: Columns: [blog_ids, id, subscriber_uid, update_time, create_date, enable, sery_ids, category_ids]
2013-08-23 23:55:22 [localhost-startStop-1] [INFO ] [org.hibernate.tool.hbm2ddl.TableMetadata        ] - HHH000108: Foreign keys: []
2013-08-23 23:55:22 [localhost-startStop-1] [INFO ] [org.hibernate.tool.hbm2ddl.TableMetadata        ] - HHH000126: Indexes: [uk_s9f7kc4n2p6gindadmk56i68b, primary]
2013-08-23 23:55:22 [localhost-startStop-1] [INFO ] [org.hibernate.tool.hbm2ddl.TableMetadata        ] - HHH000261: Table found: blog.tags
2013-08-23 23:55:22 [localhost-startStop-1] [INFO ] [org.hibernate.tool.hbm2ddl.TableMetadata        ] - HHH000037: Columns: [id, tag_name]
2013-08-23 23:55:22 [localhost-startStop-1] [INFO ] [org.hibernate.tool.hbm2ddl.TableMetadata        ] - HHH000108: Foreign keys: []
2013-08-23 23:55:22 [localhost-startStop-1] [INFO ] [org.hibernate.tool.hbm2ddl.TableMetadata        ] - HHH000126: Indexes: [primary]
2013-08-23 23:55:22 [localhost-startStop-1] [INFO ] [org.hibernate.tool.hbm2ddl.SchemaUpdate         ] - HHH000232: Schema update complete
2013-08-23 23:55:22 [localhost-startStop-1] [ERROR] [org.springframework.web.context.ContextLoader   ] - Context initialization failed
org.springframework.beans.factory.BeanCreationException: Error creating bean with name 'blogController': Injection of autowired dependencies failed; nested exception is org.springframework.beans.factory.BeanCreationException: Could not autowire method: public void org.personal.mason.feop.server.blog.mvc.controllers.BlogController.setBlogService(org.personal.mason.feop.server.blog.domain.service.BlogService); nested exception is org.springframework.beans.factory.NoSuchBeanDefinitionException: No qualifying bean of type [org.personal.mason.feop.server.blog.domain.service.BlogService] found for dependency: expected at least 1 bean which qualifies as autowire candidate for this dependency. Dependency annotations: {}
	at org.springframework.beans.factory.annotation.AutowiredAnnotationBeanPostProcessor.postProcessPropertyValues(AutowiredAnnotationBeanPostProcessor.java:288) ~[spring-beans-3.2.3.RELEASE.jar:3.2.3.RELEASE]
	at org.springframework.beans.factory.support.AbstractAutowireCapableBeanFactory.populateBean(AbstractAutowireCapableBeanFactory.java:1116) ~[spring-beans-3.2.3.RELEASE.jar:3.2.3.RELEASE]
	at org.springframework.beans.factory.support.AbstractAutowireCapableBeanFactory.doCreateBean(AbstractAutowireCapableBeanFactory.java:519) ~[spring-beans-3.2.3.RELEASE.jar:3.2.3.RELEASE]
	at org.springframework.beans.factory.support.AbstractAutowireCapableBeanFactory.createBean(AbstractAutowireCapableBeanFactory.java:458) ~[spring-beans-3.2.3.RELEASE.jar:3.2.3.RELEASE]
	at org.springframework.beans.factory.support.AbstractBeanFactory$1.getObject(AbstractBeanFactory.java:295) ~[spring-beans-3.2.3.RELEASE.jar:3.2.3.RELEASE]
	at org.springframework.beans.factory.support.DefaultSingletonBeanRegistry.getSingleton(DefaultSingletonBeanRegistry.java:223) ~[spring-beans-3.2.3.RELEASE.jar:3.2.3.RELEASE]
	at org.springframework.beans.factory.support.AbstractBeanFactory.doGetBean(AbstractBeanFactory.java:292) ~[spring-beans-3.2.3.RELEASE.jar:3.2.3.RELEASE]
	at org.springframework.beans.factory.support.AbstractBeanFactory.getBean(AbstractBeanFactory.java:194) ~[spring-beans-3.2.3.RELEASE.jar:3.2.3.RELEASE]
	at org.springframework.beans.factory.support.DefaultListableBeanFactory.preInstantiateSingletons(DefaultListableBeanFactory.java:626) ~[spring-beans-3.2.3.RELEASE.jar:3.2.3.RELEASE]
	at org.springframework.context.support.AbstractApplicationContext.finishBeanFactoryInitialization(AbstractApplicationContext.java:932) ~[spring-context-3.2.3.RELEASE.jar:3.2.3.RELEASE]
	at org.springframework.context.support.AbstractApplicationContext.refresh(AbstractApplicationContext.java:479) ~[spring-context-3.2.3.RELEASE.jar:3.2.3.RELEASE]
	at org.springframework.web.context.ContextLoader.configureAndRefreshWebApplicationContext(ContextLoader.java:389) ~[spring-web-3.2.3.RELEASE.jar:3.2.3.RELEASE]
	at org.springframework.web.context.ContextLoader.initWebApplicationContext(ContextLoader.java:294) ~[spring-web-3.2.3.RELEASE.jar:3.2.3.RELEASE]
	at org.springframework.web.context.ContextLoaderListener.contextInitialized(ContextLoaderListener.java:112) [spring-web-3.2.3.RELEASE.jar:3.2.3.RELEASE]
	at org.apache.catalina.core.StandardContext.listenerStart(StandardContext.java:4797) [tomcat-embed-core-7.0.37.jar:7.0.37]
	at org.apache.catalina.core.StandardContext.startInternal(StandardContext.java:5291) [tomcat-embed-core-7.0.37.jar:7.0.37]
	at org.apache.catalina.util.LifecycleBase.start(LifecycleBase.java:150) [tomcat-embed-core-7.0.37.jar:7.0.37]
	at org.apache.catalina.core.ContainerBase$StartChild.call(ContainerBase.java:1559) [tomcat-embed-core-7.0.37.jar:7.0.37]
	at org.apache.catalina.core.ContainerBase$StartChild.call(ContainerBase.java:1549) [tomcat-embed-core-7.0.37.jar:7.0.37]
	at java.util.concurrent.FutureTask$Sync.innerRun(FutureTask.java:334) [na:1.7.0_21]
	at java.util.concurrent.FutureTask.run(FutureTask.java:166) [na:1.7.0_21]
	at java.util.concurrent.ThreadPoolExecutor.runWorker(ThreadPoolExecutor.java:1145) [na:1.7.0_21]
	at java.util.concurrent.ThreadPoolExecutor$Worker.run(ThreadPoolExecutor.java:615) [na:1.7.0_21]
	at java.lang.Thread.run(Thread.java:722) [na:1.7.0_21]
Caused by: org.springframework.beans.factory.BeanCreationException: Could not autowire method: public void org.personal.mason.feop.server.blog.mvc.controllers.BlogController.setBlogService(org.personal.mason.feop.server.blog.domain.service.BlogService); nested exception is org.springframework.beans.factory.NoSuchBeanDefinitionException: No qualifying bean of type [org.personal.mason.feop.server.blog.domain.service.BlogService] found for dependency: expected at least 1 bean which qualifies as autowire candidate for this dependency. Dependency annotations: {}
	at org.springframework.beans.factory.annotation.AutowiredAnnotationBeanPostProcessor$AutowiredMethodElement.inject(AutowiredAnnotationBeanPostProcessor.java:601) ~[spring-beans-3.2.3.RELEASE.jar:3.2.3.RELEASE]
	at org.springframework.beans.factory.annotation.InjectionMetadata.inject(InjectionMetadata.java:87) ~[spring-beans-3.2.3.RELEASE.jar:3.2.3.RELEASE]
	at org.springframework.beans.factory.annotation.AutowiredAnnotationBeanPostProcessor.postProcessPropertyValues(AutowiredAnnotationBeanPostProcessor.java:285) ~[spring-beans-3.2.3.RELEASE.jar:3.2.3.RELEASE]
	... 23 common frames omitted
Caused by: org.springframework.beans.factory.NoSuchBeanDefinitionException: No qualifying bean of type [org.personal.mason.feop.server.blog.domain.service.BlogService] found for dependency: expected at least 1 bean which qualifies as autowire candidate for this dependency. Dependency annotations: {}
	at org.springframework.beans.factory.support.DefaultListableBeanFactory.raiseNoSuchBeanDefinitionException(DefaultListableBeanFactory.java:986) ~[spring-beans-3.2.3.RELEASE.jar:3.2.3.RELEASE]
	at org.springframework.beans.factory.support.DefaultListableBeanFactory.doResolveDependency(DefaultListableBeanFactory.java:856) ~[spring-beans-3.2.3.RELEASE.jar:3.2.3.RELEASE]
	at org.springframework.beans.factory.support.DefaultListableBeanFactory.resolveDependency(DefaultListableBeanFactory.java:768) ~[spring-beans-3.2.3.RELEASE.jar:3.2.3.RELEASE]
	at org.springframework.beans.factory.annotation.AutowiredAnnotationBeanPostProcessor$AutowiredMethodElement.inject(AutowiredAnnotationBeanPostProcessor.java:558) ~[spring-beans-3.2.3.RELEASE.jar:3.2.3.RELEASE]
	... 25 common frames omitted
2013-08-23 23:56:58 [localhost-startStop-1] [INFO ] [o.s.c.s.PropertySourcesPlaceholderConfigurer    ] - Loading properties file from file [/Users/mason/SCM/freeedu/service/FEOP/FEOPServer/FEOPServerBlog/target/classes/META-INF/spring/application.properties]
2013-08-23 23:56:58 [localhost-startStop-1] [INFO ] [o.s.c.s.PropertySourcesPlaceholderConfigurer    ] - Loading properties file from file [/Users/mason/SCM/freeedu/service/FEOP/FEOPServer/FEOPServerBlog/target/classes/META-INF/spring/blog-infra.properties]
2013-08-23 23:56:58 [localhost-startStop-1] [INFO ] [o.s.c.s.PropertySourcesPlaceholderConfigurer    ] - Loading properties file from file [/Users/mason/SCM/freeedu/service/FEOP/FEOPServer/FEOPServerBlog/target/classes/META-INF/spring/blog-oauth.properties]
2013-08-23 23:57:01 [localhost-startStop-1] [INFO ] [o.h.e.t.internal.TransactionFactoryInitiator    ] - HHH000268: Transaction strategy: org.hibernate.engine.transaction.internal.jdbc.JdbcTransactionFactory
2013-08-23 23:57:01 [localhost-startStop-1] [INFO ] [org.hibernate.tool.hbm2ddl.SchemaUpdate         ] - HHH000228: Running hbm2ddl schema update
2013-08-23 23:57:01 [localhost-startStop-1] [INFO ] [org.hibernate.tool.hbm2ddl.SchemaUpdate         ] - HHH000102: Fetching database metadata
2013-08-23 23:57:01 [localhost-startStop-1] [INFO ] [org.hibernate.tool.hbm2ddl.SchemaUpdate         ] - HHH000396: Updating schema
2013-08-23 23:57:01 [localhost-startStop-1] [INFO ] [org.hibernate.tool.hbm2ddl.TableMetadata        ] - HHH000261: Table found: blog.blog
2013-08-23 23:57:01 [localhost-startStop-1] [INFO ] [org.hibernate.tool.hbm2ddl.TableMetadata        ] - HHH000037: Columns: [blog_subtitle, tag_ids, last_update, blog_desc, blogsetting_id, create_date, author_name, category_id, blog_title, author_uid, series_id]
2013-08-23 23:57:01 [localhost-startStop-1] [INFO ] [org.hibernate.tool.hbm2ddl.TableMetadata        ] - HHH000108: Foreign keys: [fk_nuq14ahfvfgfikuvpcptuc1p0, fk_c6bjx18svyosjbdnjoqawq2p2, fk_bk9fqmdtfa13hj9lb6n5pq96q]
2013-08-23 23:57:01 [localhost-startStop-1] [INFO ] [org.hibernate.tool.hbm2ddl.TableMetadata        ] - HHH000126: Indexes: [fk_nuq14ahfvfgfikuvpcptuc1p0, fk_c6bjx18svyosjbdnjoqawq2p2, primary, fk_bk9fqmdtfa13hj9lb6n5pq96q]
2013-08-23 23:57:01 [localhost-startStop-1] [INFO ] [org.hibernate.tool.hbm2ddl.TableMetadata        ] - HHH000261: Table found: blog.blog_section
2013-08-23 23:57:01 [localhost-startStop-1] [INFO ] [org.hibernate.tool.hbm2ddl.TableMetadata        ] - HHH000037: Columns: [id, section_title, blog_blogsetting_id, section_content, seq]
2013-08-23 23:57:01 [localhost-startStop-1] [INFO ] [org.hibernate.tool.hbm2ddl.TableMetadata        ] - HHH000108: Foreign keys: [fk_o1wdqufa0gn7y5q4qvh7rikdd]
2013-08-23 23:57:01 [localhost-startStop-1] [INFO ] [org.hibernate.tool.hbm2ddl.TableMetadata        ] - HHH000126: Indexes: [primary, fk_o1wdqufa0gn7y5q4qvh7rikdd]
2013-08-23 23:57:01 [localhost-startStop-1] [INFO ] [org.hibernate.tool.hbm2ddl.TableMetadata        ] - HHH000261: Table found: blog.blog_settings
2013-08-23 23:57:01 [localhost-startStop-1] [INFO ] [org.hibernate.tool.hbm2ddl.TableMetadata        ] - HHH000037: Columns: [id, price, pub_privilege]
2013-08-23 23:57:01 [localhost-startStop-1] [INFO ] [org.hibernate.tool.hbm2ddl.TableMetadata        ] - HHH000108: Foreign keys: []
2013-08-23 23:57:01 [localhost-startStop-1] [INFO ] [org.hibernate.tool.hbm2ddl.TableMetadata        ] - HHH000126: Indexes: [primary]
2013-08-23 23:57:01 [localhost-startStop-1] [INFO ] [org.hibernate.tool.hbm2ddl.TableMetadata        ] - HHH000261: Table found: blog.category
2013-08-23 23:57:01 [localhost-startStop-1] [INFO ] [org.hibernate.tool.hbm2ddl.TableMetadata        ] - HHH000037: Columns: [id, category_name, description, parent_id]
2013-08-23 23:57:01 [localhost-startStop-1] [INFO ] [org.hibernate.tool.hbm2ddl.TableMetadata        ] - HHH000108: Foreign keys: [fk_81thrbnb8c08gua7tvqj7xdqk]
2013-08-23 23:57:01 [localhost-startStop-1] [INFO ] [org.hibernate.tool.hbm2ddl.TableMetadata        ] - HHH000126: Indexes: [fk_81thrbnb8c08gua7tvqj7xdqk, primary]
2013-08-23 23:57:01 [localhost-startStop-1] [INFO ] [org.hibernate.tool.hbm2ddl.TableMetadata        ] - HHH000261: Table found: blog.comment
2013-08-23 23:57:01 [localhost-startStop-1] [INFO ] [org.hibernate.tool.hbm2ddl.TableMetadata        ] - HHH000037: Columns: [at_comment_id, id, author, blog_section_id, status, email, blog_blogsetting_id, create_time, comment_content, author_uid]
2013-08-23 23:57:01 [localhost-startStop-1] [INFO ] [org.hibernate.tool.hbm2ddl.TableMetadata        ] - HHH000108: Foreign keys: [fk_c95n0gw4hyk8or9bs6nptvdtj, fk_ckuuiksskfqy0nquyp2d03n2y, fk_ecmisb9d4a8s2urm87ggdkm8j]
2013-08-23 23:57:01 [localhost-startStop-1] [INFO ] [org.hibernate.tool.hbm2ddl.TableMetadata        ] - HHH000126: Indexes: [fk_c95n0gw4hyk8or9bs6nptvdtj, fk_ckuuiksskfqy0nquyp2d03n2y, primary, fk_ecmisb9d4a8s2urm87ggdkm8j]
2013-08-23 23:57:02 [localhost-startStop-1] [INFO ] [org.hibernate.tool.hbm2ddl.TableMetadata        ] - HHH000261: Table found: blog.media_info
2013-08-23 23:57:02 [localhost-startStop-1] [INFO ] [org.hibernate.tool.hbm2ddl.TableMetadata        ] - HHH000037: Columns: [id, media_type, media_owner_uid, media_url, media_name, media_addtime, media_redundant_url, media_code]
2013-08-23 23:57:02 [localhost-startStop-1] [INFO ] [org.hibernate.tool.hbm2ddl.TableMetadata        ] - HHH000108: Foreign keys: []
2013-08-23 23:57:02 [localhost-startStop-1] [INFO ] [org.hibernate.tool.hbm2ddl.TableMetadata        ] - HHH000126: Indexes: [uk_8hr17l16jjbw8ytbop2eii3gg, primary]
2013-08-23 23:57:02 [localhost-startStop-1] [INFO ] [org.hibernate.tool.hbm2ddl.TableMetadata        ] - HHH000261: Table found: blog.series
2013-08-23 23:57:02 [localhost-startStop-1] [INFO ] [org.hibernate.tool.hbm2ddl.TableMetadata        ] - HHH000037: Columns: [id, description, series_name, category_id]
2013-08-23 23:57:02 [localhost-startStop-1] [INFO ] [org.hibernate.tool.hbm2ddl.TableMetadata        ] - HHH000108: Foreign keys: [fk_mxi571rtaicay74am72r8c8ax]
2013-08-23 23:57:02 [localhost-startStop-1] [INFO ] [org.hibernate.tool.hbm2ddl.TableMetadata        ] - HHH000126: Indexes: [primary, fk_mxi571rtaicay74am72r8c8ax]
2013-08-23 23:57:02 [localhost-startStop-1] [INFO ] [org.hibernate.tool.hbm2ddl.TableMetadata        ] - HHH000261: Table found: blog.subscribe
2013-08-23 23:57:02 [localhost-startStop-1] [INFO ] [org.hibernate.tool.hbm2ddl.TableMetadata        ] - HHH000037: Columns: [blog_ids, id, subscriber_uid, update_time, create_date, enable, sery_ids, category_ids]
2013-08-23 23:57:02 [localhost-startStop-1] [INFO ] [org.hibernate.tool.hbm2ddl.TableMetadata        ] - HHH000108: Foreign keys: []
2013-08-23 23:57:02 [localhost-startStop-1] [INFO ] [org.hibernate.tool.hbm2ddl.TableMetadata        ] - HHH000126: Indexes: [uk_s9f7kc4n2p6gindadmk56i68b, primary]
2013-08-23 23:57:02 [localhost-startStop-1] [INFO ] [org.hibernate.tool.hbm2ddl.TableMetadata        ] - HHH000261: Table found: blog.tags
2013-08-23 23:57:02 [localhost-startStop-1] [INFO ] [org.hibernate.tool.hbm2ddl.TableMetadata        ] - HHH000037: Columns: [id, tag_name]
2013-08-23 23:57:02 [localhost-startStop-1] [INFO ] [org.hibernate.tool.hbm2ddl.TableMetadata        ] - HHH000108: Foreign keys: []
2013-08-23 23:57:02 [localhost-startStop-1] [INFO ] [org.hibernate.tool.hbm2ddl.TableMetadata        ] - HHH000126: Indexes: [primary]
2013-08-23 23:57:02 [localhost-startStop-1] [INFO ] [org.hibernate.tool.hbm2ddl.SchemaUpdate         ] - HHH000232: Schema update complete
2013-08-23 23:57:03 [localhost-startStop-1] [INFO ] [o.springframework.web.servlet.DispatcherServlet ] - FrameworkServlet 'blog': initialization started
2013-08-23 23:57:03 [localhost-startStop-1] [INFO ] [o.s.c.s.PropertySourcesPlaceholderConfigurer    ] - Loading properties file from file [/Users/mason/SCM/freeedu/service/FEOP/FEOPServer/FEOPServerBlog/target/classes/META-INF/spring/application.properties]
2013-08-23 23:57:03 [localhost-startStop-1] [INFO ] [o.s.c.s.PropertySourcesPlaceholderConfigurer    ] - Loading properties file from file [/Users/mason/SCM/freeedu/service/FEOP/FEOPServer/FEOPServerBlog/target/classes/META-INF/spring/blog-infra.properties]
2013-08-23 23:57:03 [localhost-startStop-1] [INFO ] [o.s.c.s.PropertySourcesPlaceholderConfigurer    ] - Loading properties file from file [/Users/mason/SCM/freeedu/service/FEOP/FEOPServer/FEOPServerBlog/target/classes/META-INF/spring/blog-oauth.properties]
2013-08-23 23:57:03 [localhost-startStop-1] [ERROR] [o.springframework.web.servlet.DispatcherServlet ] - Context initialization failed
org.springframework.beans.factory.BeanCreationException: Error creating bean with name 'blogController': Injection of autowired dependencies failed; nested exception is org.springframework.beans.factory.BeanCreationException: Could not autowire method: public void org.personal.mason.feop.server.blog.mvc.controllers.BlogController.setBlogService(org.personal.mason.feop.server.blog.domain.service.BlogService); nested exception is org.springframework.beans.factory.CannotLoadBeanClassException: Cannot find class [org.personal.mason.feop.server.blog.client.oauth.implicit.ImplicitLoginInfoProvider] for bean with name 'loginProcessor' defined in ServletContext resource [/WEB-INF/blog-servlet.xml]; nested exception is java.lang.ClassNotFoundException: org.personal.mason.feop.server.blog.client.oauth.implicit.ImplicitLoginInfoProvider
	at org.springframework.beans.factory.annotation.AutowiredAnnotationBeanPostProcessor.postProcessPropertyValues(AutowiredAnnotationBeanPostProcessor.java:288) ~[spring-beans-3.2.3.RELEASE.jar:3.2.3.RELEASE]
	at org.springframework.beans.factory.support.AbstractAutowireCapableBeanFactory.populateBean(AbstractAutowireCapableBeanFactory.java:1116) ~[spring-beans-3.2.3.RELEASE.jar:3.2.3.RELEASE]
	at org.springframework.beans.factory.support.AbstractAutowireCapableBeanFactory.doCreateBean(AbstractAutowireCapableBeanFactory.java:519) ~[spring-beans-3.2.3.RELEASE.jar:3.2.3.RELEASE]
	at org.springframework.beans.factory.support.AbstractAutowireCapableBeanFactory.createBean(AbstractAutowireCapableBeanFactory.java:458) ~[spring-beans-3.2.3.RELEASE.jar:3.2.3.RELEASE]
	at org.springframework.beans.factory.support.AbstractBeanFactory$1.getObject(AbstractBeanFactory.java:295) ~[spring-beans-3.2.3.RELEASE.jar:3.2.3.RELEASE]
	at org.springframework.beans.factory.support.DefaultSingletonBeanRegistry.getSingleton(DefaultSingletonBeanRegistry.java:223) ~[spring-beans-3.2.3.RELEASE.jar:3.2.3.RELEASE]
	at org.springframework.beans.factory.support.AbstractBeanFactory.doGetBean(AbstractBeanFactory.java:292) ~[spring-beans-3.2.3.RELEASE.jar:3.2.3.RELEASE]
	at org.springframework.beans.factory.support.AbstractBeanFactory.getBean(AbstractBeanFactory.java:194) ~[spring-beans-3.2.3.RELEASE.jar:3.2.3.RELEASE]
	at org.springframework.beans.factory.support.DefaultListableBeanFactory.preInstantiateSingletons(DefaultListableBeanFactory.java:626) ~[spring-beans-3.2.3.RELEASE.jar:3.2.3.RELEASE]
	at org.springframework.context.support.AbstractApplicationContext.finishBeanFactoryInitialization(AbstractApplicationContext.java:932) ~[spring-context-3.2.3.RELEASE.jar:3.2.3.RELEASE]
	at org.springframework.context.support.AbstractApplicationContext.refresh(AbstractApplicationContext.java:479) ~[spring-context-3.2.3.RELEASE.jar:3.2.3.RELEASE]
	at org.springframework.web.servlet.FrameworkServlet.configureAndRefreshWebApplicationContext(FrameworkServlet.java:651) ~[spring-webmvc-3.2.3.RELEASE.jar:3.2.3.RELEASE]
	at org.springframework.web.servlet.FrameworkServlet.createWebApplicationContext(FrameworkServlet.java:599) ~[spring-webmvc-3.2.3.RELEASE.jar:3.2.3.RELEASE]
	at org.springframework.web.servlet.FrameworkServlet.createWebApplicationContext(FrameworkServlet.java:665) ~[spring-webmvc-3.2.3.RELEASE.jar:3.2.3.RELEASE]
	at org.springframework.web.servlet.FrameworkServlet.initWebApplicationContext(FrameworkServlet.java:518) ~[spring-webmvc-3.2.3.RELEASE.jar:3.2.3.RELEASE]
	at org.springframework.web.servlet.FrameworkServlet.initServletBean(FrameworkServlet.java:459) ~[spring-webmvc-3.2.3.RELEASE.jar:3.2.3.RELEASE]
	at org.springframework.web.servlet.HttpServletBean.init(HttpServletBean.java:136) [spring-webmvc-3.2.3.RELEASE.jar:3.2.3.RELEASE]
	at javax.servlet.GenericServlet.init(GenericServlet.java:160) [tomcat-embed-core-7.0.37.jar:7.0.37]
	at org.apache.catalina.core.StandardWrapper.initServlet(StandardWrapper.java:1280) [tomcat-embed-core-7.0.37.jar:7.0.37]
	at org.apache.catalina.core.StandardWrapper.loadServlet(StandardWrapper.java:1193) [tomcat-embed-core-7.0.37.jar:7.0.37]
	at org.apache.catalina.core.StandardWrapper.load(StandardWrapper.java:1088) [tomcat-embed-core-7.0.37.jar:7.0.37]
	at org.apache.catalina.core.StandardContext.loadOnStartup(StandardContext.java:5033) [tomcat-embed-core-7.0.37.jar:7.0.37]
	at org.apache.catalina.core.StandardContext.startInternal(StandardContext.java:5317) [tomcat-embed-core-7.0.37.jar:7.0.37]
	at org.apache.catalina.util.LifecycleBase.start(LifecycleBase.java:150) [tomcat-embed-core-7.0.37.jar:7.0.37]
	at org.apache.catalina.core.ContainerBase$StartChild.call(ContainerBase.java:1559) [tomcat-embed-core-7.0.37.jar:7.0.37]
	at org.apache.catalina.core.ContainerBase$StartChild.call(ContainerBase.java:1549) [tomcat-embed-core-7.0.37.jar:7.0.37]
	at java.util.concurrent.FutureTask$Sync.innerRun(FutureTask.java:334) [na:1.7.0_21]
	at java.util.concurrent.FutureTask.run(FutureTask.java:166) [na:1.7.0_21]
	at java.util.concurrent.ThreadPoolExecutor.runWorker(ThreadPoolExecutor.java:1145) [na:1.7.0_21]
	at java.util.concurrent.ThreadPoolExecutor$Worker.run(ThreadPoolExecutor.java:615) [na:1.7.0_21]
	at java.lang.Thread.run(Thread.java:722) [na:1.7.0_21]
Caused by: org.springframework.beans.factory.BeanCreationException: Could not autowire method: public void org.personal.mason.feop.server.blog.mvc.controllers.BlogController.setBlogService(org.personal.mason.feop.server.blog.domain.service.BlogService); nested exception is org.springframework.beans.factory.CannotLoadBeanClassException: Cannot find class [org.personal.mason.feop.server.blog.client.oauth.implicit.ImplicitLoginInfoProvider] for bean with name 'loginProcessor' defined in ServletContext resource [/WEB-INF/blog-servlet.xml]; nested exception is java.lang.ClassNotFoundException: org.personal.mason.feop.server.blog.client.oauth.implicit.ImplicitLoginInfoProvider
	at org.springframework.beans.factory.annotation.AutowiredAnnotationBeanPostProcessor$AutowiredMethodElement.inject(AutowiredAnnotationBeanPostProcessor.java:601) ~[spring-beans-3.2.3.RELEASE.jar:3.2.3.RELEASE]
	at org.springframework.beans.factory.annotation.InjectionMetadata.inject(InjectionMetadata.java:87) ~[spring-beans-3.2.3.RELEASE.jar:3.2.3.RELEASE]
	at org.springframework.beans.factory.annotation.AutowiredAnnotationBeanPostProcessor.postProcessPropertyValues(AutowiredAnnotationBeanPostProcessor.java:285) ~[spring-beans-3.2.3.RELEASE.jar:3.2.3.RELEASE]
	... 30 common frames omitted
Caused by: org.springframework.beans.factory.CannotLoadBeanClassException: Cannot find class [org.personal.mason.feop.server.blog.client.oauth.implicit.ImplicitLoginInfoProvider] for bean with name 'loginProcessor' defined in ServletContext resource [/WEB-INF/blog-servlet.xml]; nested exception is java.lang.ClassNotFoundException: org.personal.mason.feop.server.blog.client.oauth.implicit.ImplicitLoginInfoProvider
	at org.springframework.beans.factory.support.AbstractBeanFactory.resolveBeanClass(AbstractBeanFactory.java:1275) ~[spring-beans-3.2.3.RELEASE.jar:3.2.3.RELEASE]
	at org.springframework.beans.factory.support.AbstractAutowireCapableBeanFactory.predictBeanType(AbstractAutowireCapableBeanFactory.java:575) ~[spring-beans-3.2.3.RELEASE.jar:3.2.3.RELEASE]
	at org.springframework.beans.factory.support.AbstractBeanFactory.isFactoryBean(AbstractBeanFactory.java:1344) ~[spring-beans-3.2.3.RELEASE.jar:3.2.3.RELEASE]
	at org.springframework.beans.factory.support.DefaultListableBeanFactory.doGetBeanNamesForType(DefaultListableBeanFactory.java:356) ~[spring-beans-3.2.3.RELEASE.jar:3.2.3.RELEASE]
	at org.springframework.beans.factory.support.DefaultListableBeanFactory.getBeanNamesForType(DefaultListableBeanFactory.java:335) ~[spring-beans-3.2.3.RELEASE.jar:3.2.3.RELEASE]
	at org.springframework.beans.factory.BeanFactoryUtils.beanNamesForTypeIncludingAncestors(BeanFactoryUtils.java:187) ~[spring-beans-3.2.3.RELEASE.jar:3.2.3.RELEASE]
	at org.springframework.beans.factory.support.DefaultListableBeanFactory.findAutowireCandidates(DefaultListableBeanFactory.java:895) ~[spring-beans-3.2.3.RELEASE.jar:3.2.3.RELEASE]
	at org.springframework.beans.factory.support.DefaultListableBeanFactory.doResolveDependency(DefaultListableBeanFactory.java:853) ~[spring-beans-3.2.3.RELEASE.jar:3.2.3.RELEASE]
	at org.springframework.beans.factory.support.DefaultListableBeanFactory.resolveDependency(DefaultListableBeanFactory.java:768) ~[spring-beans-3.2.3.RELEASE.jar:3.2.3.RELEASE]
	at org.springframework.beans.factory.annotation.AutowiredAnnotationBeanPostProcessor$AutowiredMethodElement.inject(AutowiredAnnotationBeanPostProcessor.java:558) ~[spring-beans-3.2.3.RELEASE.jar:3.2.3.RELEASE]
	... 32 common frames omitted
Caused by: java.lang.ClassNotFoundException: org.personal.mason.feop.server.blog.client.oauth.implicit.ImplicitLoginInfoProvider
	at org.apache.catalina.loader.WebappClassLoader.loadClass(WebappClassLoader.java:1713) ~[tomcat-embed-core-7.0.37.jar:7.0.37]
	at org.apache.catalina.loader.WebappClassLoader.loadClass(WebappClassLoader.java:1558) ~[tomcat-embed-core-7.0.37.jar:7.0.37]
	at org.springframework.util.ClassUtils.forName(ClassUtils.java:260) ~[spring-core-3.2.3.RELEASE.jar:3.2.3.RELEASE]
	at org.springframework.beans.factory.support.AbstractBeanDefinition.resolveBeanClass(AbstractBeanDefinition.java:416) ~[spring-beans-3.2.3.RELEASE.jar:3.2.3.RELEASE]
	at org.springframework.beans.factory.support.AbstractBeanFactory.doResolveBeanClass(AbstractBeanFactory.java:1296) ~[spring-beans-3.2.3.RELEASE.jar:3.2.3.RELEASE]
	at org.springframework.beans.factory.support.AbstractBeanFactory.resolveBeanClass(AbstractBeanFactory.java:1267) ~[spring-beans-3.2.3.RELEASE.jar:3.2.3.RELEASE]
	... 41 common frames omitted
2013-08-23 23:57:50 [localhost-startStop-1] [INFO ] [o.s.c.s.PropertySourcesPlaceholderConfigurer    ] - Loading properties file from file [/Users/mason/SCM/freeedu/service/FEOP/FEOPServer/FEOPServerBlog/target/classes/META-INF/spring/application.properties]
2013-08-23 23:57:50 [localhost-startStop-1] [INFO ] [o.s.c.s.PropertySourcesPlaceholderConfigurer    ] - Loading properties file from file [/Users/mason/SCM/freeedu/service/FEOP/FEOPServer/FEOPServerBlog/target/classes/META-INF/spring/blog-infra.properties]
2013-08-23 23:57:50 [localhost-startStop-1] [INFO ] [o.s.c.s.PropertySourcesPlaceholderConfigurer    ] - Loading properties file from file [/Users/mason/SCM/freeedu/service/FEOP/FEOPServer/FEOPServerBlog/target/classes/META-INF/spring/blog-oauth.properties]
2013-08-23 23:57:52 [localhost-startStop-1] [INFO ] [o.h.e.t.internal.TransactionFactoryInitiator    ] - HHH000268: Transaction strategy: org.hibernate.engine.transaction.internal.jdbc.JdbcTransactionFactory
2013-08-23 23:57:53 [localhost-startStop-1] [INFO ] [org.hibernate.tool.hbm2ddl.SchemaUpdate         ] - HHH000228: Running hbm2ddl schema update
2013-08-23 23:57:53 [localhost-startStop-1] [INFO ] [org.hibernate.tool.hbm2ddl.SchemaUpdate         ] - HHH000102: Fetching database metadata
2013-08-23 23:57:53 [localhost-startStop-1] [INFO ] [org.hibernate.tool.hbm2ddl.SchemaUpdate         ] - HHH000396: Updating schema
2013-08-23 23:57:53 [localhost-startStop-1] [INFO ] [org.hibernate.tool.hbm2ddl.TableMetadata        ] - HHH000261: Table found: blog.blog
2013-08-23 23:57:53 [localhost-startStop-1] [INFO ] [org.hibernate.tool.hbm2ddl.TableMetadata        ] - HHH000037: Columns: [blog_subtitle, tag_ids, last_update, blog_desc, blogsetting_id, create_date, author_name, category_id, blog_title, author_uid, series_id]
2013-08-23 23:57:53 [localhost-startStop-1] [INFO ] [org.hibernate.tool.hbm2ddl.TableMetadata        ] - HHH000108: Foreign keys: [fk_nuq14ahfvfgfikuvpcptuc1p0, fk_c6bjx18svyosjbdnjoqawq2p2, fk_bk9fqmdtfa13hj9lb6n5pq96q]
2013-08-23 23:57:53 [localhost-startStop-1] [INFO ] [org.hibernate.tool.hbm2ddl.TableMetadata        ] - HHH000126: Indexes: [fk_nuq14ahfvfgfikuvpcptuc1p0, fk_c6bjx18svyosjbdnjoqawq2p2, primary, fk_bk9fqmdtfa13hj9lb6n5pq96q]
2013-08-23 23:57:53 [localhost-startStop-1] [INFO ] [org.hibernate.tool.hbm2ddl.TableMetadata        ] - HHH000261: Table found: blog.blog_section
2013-08-23 23:57:53 [localhost-startStop-1] [INFO ] [org.hibernate.tool.hbm2ddl.TableMetadata        ] - HHH000037: Columns: [id, section_title, blog_blogsetting_id, section_content, seq]
2013-08-23 23:57:53 [localhost-startStop-1] [INFO ] [org.hibernate.tool.hbm2ddl.TableMetadata        ] - HHH000108: Foreign keys: [fk_o1wdqufa0gn7y5q4qvh7rikdd]
2013-08-23 23:57:53 [localhost-startStop-1] [INFO ] [org.hibernate.tool.hbm2ddl.TableMetadata        ] - HHH000126: Indexes: [primary, fk_o1wdqufa0gn7y5q4qvh7rikdd]
2013-08-23 23:57:53 [localhost-startStop-1] [INFO ] [org.hibernate.tool.hbm2ddl.TableMetadata        ] - HHH000261: Table found: blog.blog_settings
2013-08-23 23:57:53 [localhost-startStop-1] [INFO ] [org.hibernate.tool.hbm2ddl.TableMetadata        ] - HHH000037: Columns: [id, price, pub_privilege]
2013-08-23 23:57:53 [localhost-startStop-1] [INFO ] [org.hibernate.tool.hbm2ddl.TableMetadata        ] - HHH000108: Foreign keys: []
2013-08-23 23:57:53 [localhost-startStop-1] [INFO ] [org.hibernate.tool.hbm2ddl.TableMetadata        ] - HHH000126: Indexes: [primary]
2013-08-23 23:57:53 [localhost-startStop-1] [INFO ] [org.hibernate.tool.hbm2ddl.TableMetadata        ] - HHH000261: Table found: blog.category
2013-08-23 23:57:53 [localhost-startStop-1] [INFO ] [org.hibernate.tool.hbm2ddl.TableMetadata        ] - HHH000037: Columns: [id, category_name, description, parent_id]
2013-08-23 23:57:53 [localhost-startStop-1] [INFO ] [org.hibernate.tool.hbm2ddl.TableMetadata        ] - HHH000108: Foreign keys: [fk_81thrbnb8c08gua7tvqj7xdqk]
2013-08-23 23:57:53 [localhost-startStop-1] [INFO ] [org.hibernate.tool.hbm2ddl.TableMetadata        ] - HHH000126: Indexes: [fk_81thrbnb8c08gua7tvqj7xdqk, primary]
2013-08-23 23:57:53 [localhost-startStop-1] [INFO ] [org.hibernate.tool.hbm2ddl.TableMetadata        ] - HHH000261: Table found: blog.comment
2013-08-23 23:57:53 [localhost-startStop-1] [INFO ] [org.hibernate.tool.hbm2ddl.TableMetadata        ] - HHH000037: Columns: [at_comment_id, id, author, blog_section_id, status, email, blog_blogsetting_id, create_time, comment_content, author_uid]
2013-08-23 23:57:53 [localhost-startStop-1] [INFO ] [org.hibernate.tool.hbm2ddl.TableMetadata        ] - HHH000108: Foreign keys: [fk_c95n0gw4hyk8or9bs6nptvdtj, fk_ckuuiksskfqy0nquyp2d03n2y, fk_ecmisb9d4a8s2urm87ggdkm8j]
2013-08-23 23:57:53 [localhost-startStop-1] [INFO ] [org.hibernate.tool.hbm2ddl.TableMetadata        ] - HHH000126: Indexes: [fk_c95n0gw4hyk8or9bs6nptvdtj, fk_ckuuiksskfqy0nquyp2d03n2y, primary, fk_ecmisb9d4a8s2urm87ggdkm8j]
2013-08-23 23:57:53 [localhost-startStop-1] [INFO ] [org.hibernate.tool.hbm2ddl.TableMetadata        ] - HHH000261: Table found: blog.media_info
2013-08-23 23:57:53 [localhost-startStop-1] [INFO ] [org.hibernate.tool.hbm2ddl.TableMetadata        ] - HHH000037: Columns: [id, media_type, media_owner_uid, media_url, media_name, media_addtime, media_redundant_url, media_code]
2013-08-23 23:57:53 [localhost-startStop-1] [INFO ] [org.hibernate.tool.hbm2ddl.TableMetadata        ] - HHH000108: Foreign keys: []
2013-08-23 23:57:53 [localhost-startStop-1] [INFO ] [org.hibernate.tool.hbm2ddl.TableMetadata        ] - HHH000126: Indexes: [uk_8hr17l16jjbw8ytbop2eii3gg, primary]
2013-08-23 23:57:53 [localhost-startStop-1] [INFO ] [org.hibernate.tool.hbm2ddl.TableMetadata        ] - HHH000261: Table found: blog.series
2013-08-23 23:57:53 [localhost-startStop-1] [INFO ] [org.hibernate.tool.hbm2ddl.TableMetadata        ] - HHH000037: Columns: [id, description, series_name, category_id]
2013-08-23 23:57:53 [localhost-startStop-1] [INFO ] [org.hibernate.tool.hbm2ddl.TableMetadata        ] - HHH000108: Foreign keys: [fk_mxi571rtaicay74am72r8c8ax]
2013-08-23 23:57:53 [localhost-startStop-1] [INFO ] [org.hibernate.tool.hbm2ddl.TableMetadata        ] - HHH000126: Indexes: [primary, fk_mxi571rtaicay74am72r8c8ax]
2013-08-23 23:57:53 [localhost-startStop-1] [INFO ] [org.hibernate.tool.hbm2ddl.TableMetadata        ] - HHH000261: Table found: blog.subscribe
2013-08-23 23:57:53 [localhost-startStop-1] [INFO ] [org.hibernate.tool.hbm2ddl.TableMetadata        ] - HHH000037: Columns: [blog_ids, id, subscriber_uid, update_time, create_date, enable, sery_ids, category_ids]
2013-08-23 23:57:53 [localhost-startStop-1] [INFO ] [org.hibernate.tool.hbm2ddl.TableMetadata        ] - HHH000108: Foreign keys: []
2013-08-23 23:57:53 [localhost-startStop-1] [INFO ] [org.hibernate.tool.hbm2ddl.TableMetadata        ] - HHH000126: Indexes: [uk_s9f7kc4n2p6gindadmk56i68b, primary]
2013-08-23 23:57:53 [localhost-startStop-1] [INFO ] [org.hibernate.tool.hbm2ddl.TableMetadata        ] - HHH000261: Table found: blog.tags
2013-08-23 23:57:53 [localhost-startStop-1] [INFO ] [org.hibernate.tool.hbm2ddl.TableMetadata        ] - HHH000037: Columns: [id, tag_name]
2013-08-23 23:57:53 [localhost-startStop-1] [INFO ] [org.hibernate.tool.hbm2ddl.TableMetadata        ] - HHH000108: Foreign keys: []
2013-08-23 23:57:53 [localhost-startStop-1] [INFO ] [org.hibernate.tool.hbm2ddl.TableMetadata        ] - HHH000126: Indexes: [primary]
2013-08-23 23:57:53 [localhost-startStop-1] [INFO ] [org.hibernate.tool.hbm2ddl.SchemaUpdate         ] - HHH000232: Schema update complete
2013-08-23 23:57:54 [localhost-startStop-1] [INFO ] [o.springframework.web.servlet.DispatcherServlet ] - FrameworkServlet 'blog': initialization started
2013-08-23 23:57:55 [localhost-startStop-1] [INFO ] [o.s.c.s.PropertySourcesPlaceholderConfigurer    ] - Loading properties file from file [/Users/mason/SCM/freeedu/service/FEOP/FEOPServer/FEOPServerBlog/target/classes/META-INF/spring/application.properties]
2013-08-23 23:57:55 [localhost-startStop-1] [INFO ] [o.s.c.s.PropertySourcesPlaceholderConfigurer    ] - Loading properties file from file [/Users/mason/SCM/freeedu/service/FEOP/FEOPServer/FEOPServerBlog/target/classes/META-INF/spring/blog-infra.properties]
2013-08-23 23:57:55 [localhost-startStop-1] [INFO ] [o.s.c.s.PropertySourcesPlaceholderConfigurer    ] - Loading properties file from file [/Users/mason/SCM/freeedu/service/FEOP/FEOPServer/FEOPServerBlog/target/classes/META-INF/spring/blog-oauth.properties]
2013-08-23 23:57:55 [localhost-startStop-1] [INFO ] [o.s.w.s.m.m.a.RequestMappingHandlerMapping      ] - Mapped "{[/blog/view],methods=[GET],params=[],headers=[],consumes=[],produces=[],custom=[]}" onto public java.lang.String org.personal.mason.feop.server.blog.mvc.controllers.BlogController.viewBlog(java.lang.Long,org.springframework.ui.Model)
2013-08-23 23:57:55 [localhost-startStop-1] [INFO ] [o.s.w.s.m.m.a.RequestMappingHandlerMapping      ] - Mapped "{[/blog/newest],methods=[],params=[],headers=[],consumes=[],produces=[],custom=[]}" onto public java.lang.String org.personal.mason.feop.server.blog.mvc.controllers.BlogController.getNewestBlogs(java.lang.Integer,java.lang.Integer,org.springframework.ui.Model)
2013-08-23 23:57:55 [localhost-startStop-1] [INFO ] [o.s.w.s.m.m.a.RequestMappingHandlerMapping      ] - Mapped "{[/blog/search],methods=[],params=[],headers=[],consumes=[],produces=[],custom=[]}" onto public java.lang.String org.personal.mason.feop.server.blog.mvc.controllers.BlogController.searchBlogs(java.lang.String,java.lang.Integer,java.lang.Integer,org.springframework.ui.Model)
2013-08-23 23:57:55 [localhost-startStop-1] [INFO ] [o.s.w.s.m.m.a.RequestMappingHandlerMapping      ] - Mapped "{[/blog || /blog/list],methods=[GET],params=[],headers=[],consumes=[],produces=[],custom=[]}" onto public java.lang.String org.personal.mason.feop.server.blog.mvc.controllers.BlogController.findBlog(java.lang.Integer,java.lang.Integer,java.lang.Long,java.lang.Long,org.springframework.ui.Model)
2013-08-23 23:57:55 [localhost-startStop-1] [INFO ] [o.s.w.s.m.m.a.RequestMappingHandlerMapping      ] - Mapped "{[/m/blog/create],methods=[GET],params=[],headers=[],consumes=[],produces=[],custom=[]}" onto public java.lang.String org.personal.mason.feop.server.blog.mvc.controllers.BlogController.createBlog(org.personal.mason.feop.server.blog.mvc.model.BlogModel)
2013-08-23 23:57:55 [localhost-startStop-1] [INFO ] [o.s.w.s.m.m.a.RequestMappingHandlerMapping      ] - Mapped "{[/m/blog/create],methods=[POST],params=[],headers=[],consumes=[],produces=[],custom=[]}" onto public java.lang.String org.personal.mason.feop.server.blog.mvc.controllers.BlogController.saveBlog(org.personal.mason.feop.server.blog.mvc.model.BlogModel,org.springframework.validation.BindingResult,java.security.Principal)
2013-08-23 23:57:55 [localhost-startStop-1] [INFO ] [o.s.w.s.m.m.a.RequestMappingHandlerMapping      ] - Mapped "{[/m/blog/update],methods=[PUT],params=[],headers=[],consumes=[],produces=[],custom=[]}" onto public java.lang.String org.personal.mason.feop.server.blog.mvc.controllers.BlogController.updateBlog(org.personal.mason.feop.server.blog.mvc.model.BlogModel,org.springframework.validation.BindingResult,java.security.Principal,org.springframework.ui.Model)
2013-08-23 23:57:55 [localhost-startStop-1] [INFO ] [o.s.w.s.m.m.a.RequestMappingHandlerMapping      ] - Mapped "{[/m/blog/update],methods=[GET],params=[],headers=[],consumes=[],produces=[],custom=[]}" onto public java.lang.String org.personal.mason.feop.server.blog.mvc.controllers.BlogController.updateBlog(java.lang.Long,org.springframework.ui.Model)
2013-08-23 23:57:55 [localhost-startStop-1] [INFO ] [o.s.w.s.m.m.a.RequestMappingHandlerMapping      ] - Mapped "{[/m/blog/delete],methods=[DELETE],params=[],headers=[],consumes=[],produces=[],custom=[]}" onto public void org.personal.mason.feop.server.blog.mvc.controllers.BlogController.deleteBlog(java.lang.Long)
2013-08-23 23:57:55 [localhost-startStop-1] [INFO ] [o.s.w.s.m.m.a.RequestMappingHandlerMapping      ] - Mapped "{[/m/blog/list],methods=[GET],params=[],headers=[],consumes=[],produces=[],custom=[]}" onto public java.lang.String org.personal.mason.feop.server.blog.mvc.controllers.BlogController.findMyBlog(java.security.Principal,java.lang.Integer,java.lang.Integer,org.springframework.ui.Model)
2013-08-23 23:57:55 [localhost-startStop-1] [INFO ] [o.s.w.s.m.m.a.RequestMappingHandlerMapping      ] - Mapped "{[/section/update],methods=[PUT],params=[],headers=[],consumes=[],produces=[],custom=[]}" onto public java.lang.String org.personal.mason.feop.server.blog.mvc.controllers.BlogSectionController.updateBlog(org.personal.mason.feop.server.blog.mvc.model.BlogSectionModel,org.springframework.validation.BindingResult,java.security.Principal,org.springframework.ui.Model)
2013-08-23 23:57:55 [localhost-startStop-1] [INFO ] [o.s.w.s.m.m.a.RequestMappingHandlerMapping      ] - Mapped "{[/section/save],methods=[POST],params=[],headers=[],consumes=[],produces=[],custom=[]}" onto public java.lang.String org.personal.mason.feop.server.blog.mvc.controllers.BlogSectionController.createSection(org.personal.mason.feop.server.blog.mvc.model.BlogSectionModel,org.springframework.validation.BindingResult)
2013-08-23 23:57:55 [localhost-startStop-1] [INFO ] [o.s.w.s.m.m.a.RequestMappingHandlerMapping      ] - Mapped "{[/section/create],methods=[GET],params=[],headers=[],consumes=[],produces=[],custom=[]}" onto public java.lang.String org.personal.mason.feop.server.blog.mvc.controllers.BlogSectionController.createSection(java.lang.Long,org.springframework.ui.Model)
2013-08-23 23:57:55 [localhost-startStop-1] [INFO ] [o.s.w.s.m.m.a.RequestMappingHandlerMapping      ] - Mapped "{[/section/update],methods=[GET],params=[],headers=[],consumes=[],produces=[],custom=[]}" onto public java.lang.String org.personal.mason.feop.server.blog.mvc.controllers.BlogSectionController.updateSection(java.lang.Long,org.springframework.ui.Model)
2013-08-23 23:57:55 [localhost-startStop-1] [INFO ] [o.s.w.s.m.m.a.RequestMappingHandlerMapping      ] - Mapped "{[/section/delete],methods=[DELETE],params=[],headers=[],consumes=[],produces=[],custom=[]}" onto public void org.personal.mason.feop.server.blog.mvc.controllers.BlogSectionController.deleteSection(java.lang.Long)
2013-08-23 23:57:55 [localhost-startStop-1] [INFO ] [o.s.w.s.m.m.a.RequestMappingHandlerMapping      ] - Mapped "{[/section/query],methods=[GET],params=[],headers=[],consumes=[],produces=[],custom=[]}" onto public java.lang.String org.personal.mason.feop.server.blog.mvc.controllers.BlogSectionController.findBlogSection(java.lang.Long,java.lang.Integer,java.lang.Integer,org.springframework.ui.Model)
2013-08-23 23:57:55 [localhost-startStop-1] [INFO ] [o.s.w.s.m.m.a.RequestMappingHandlerMapping      ] - Mapped "{[/setting/update],methods=[GET],params=[],headers=[],consumes=[],produces=[],custom=[]}" onto public java.lang.String org.personal.mason.feop.server.blog.mvc.controllers.BlogSettingController.update(java.lang.Long,org.springframework.ui.Model)
2013-08-23 23:57:55 [localhost-startStop-1] [INFO ] [o.s.w.s.m.m.a.RequestMappingHandlerMapping      ] - Mapped "{[/setting/update],methods=[PUT],params=[],headers=[],consumes=[],produces=[],custom=[]}" onto public java.lang.String org.personal.mason.feop.server.blog.mvc.controllers.BlogSettingController.update(org.personal.mason.feop.server.blog.mvc.model.BlogSettingModel,org.springframework.validation.BindingResult,org.springframework.ui.Model)
2013-08-23 23:57:55 [localhost-startStop-1] [INFO ] [o.s.w.s.m.m.a.RequestMappingHandlerMapping      ] - Mapped "{[/setting],methods=[GET],params=[],headers=[],consumes=[],produces=[],custom=[]}" onto public java.lang.String org.personal.mason.feop.server.blog.mvc.controllers.BlogSettingController.findSettingWithId(java.lang.Long,org.springframework.ui.Model)
2013-08-23 23:57:55 [localhost-startStop-1] [INFO ] [o.s.w.s.m.m.a.RequestMappingHandlerMapping      ] - Mapped "{[/cat/save],methods=[POST],params=[],headers=[],consumes=[],produces=[],custom=[]}" onto public java.lang.String org.personal.mason.feop.server.blog.mvc.controllers.CategoryController.saveCategory(org.personal.mason.feop.server.blog.mvc.model.CategoryModel,org.springframework.validation.BindingResult,org.springframework.ui.Model)
2013-08-23 23:57:55 [localhost-startStop-1] [INFO ] [o.s.w.s.m.m.a.RequestMappingHandlerMapping      ] - Mapped "{[/cat/form],methods=[GET],params=[],headers=[],consumes=[],produces=[],custom=[]}" onto public java.lang.String org.personal.mason.feop.server.blog.mvc.controllers.CategoryController.createCategory(org.springframework.ui.Model)
2013-08-23 23:57:55 [localhost-startStop-1] [INFO ] [o.s.w.s.m.m.a.RequestMappingHandlerMapping      ] - Mapped "{[/cat/delete],methods=[DELETE],params=[],headers=[],consumes=[],produces=[],custom=[]}" onto public void org.personal.mason.feop.server.blog.mvc.controllers.CategoryController.deleteCategory(java.lang.Long)
2013-08-23 23:57:55 [localhost-startStop-1] [INFO ] [o.s.w.s.m.m.a.RequestMappingHandlerMapping      ] - Mapped "{[/comment/create],methods=[GET],params=[],headers=[],consumes=[],produces=[],custom=[]}" onto public void org.personal.mason.feop.server.blog.mvc.controllers.CommentController.createComment(org.springframework.ui.Model)
2013-08-23 23:57:55 [localhost-startStop-1] [INFO ] [o.s.w.s.m.m.a.RequestMappingHandlerMapping      ] - Mapped "{[/comment/save],methods=[POST],params=[],headers=[],consumes=[],produces=[],custom=[]}" onto public void org.personal.mason.feop.server.blog.mvc.controllers.CommentController.saveComment(org.personal.mason.feop.server.blog.mvc.model.CommentModel,org.springframework.validation.BindingResult)
2013-08-23 23:57:55 [localhost-startStop-1] [INFO ] [o.s.w.s.m.m.a.RequestMappingHandlerMapping      ] - Mapped "{[/comment/b/list],methods=[GET],params=[],headers=[],consumes=[],produces=[],custom=[]}" onto public void org.personal.mason.feop.server.blog.mvc.controllers.CommentController.findBlogComments(java.lang.Long,java.lang.Integer,java.lang.Integer,org.springframework.ui.Model)
2013-08-23 23:57:55 [localhost-startStop-1] [INFO ] [o.s.w.s.m.m.a.RequestMappingHandlerMapping      ] - Mapped "{[/comment/s/list],methods=[GET],params=[],headers=[],consumes=[],produces=[],custom=[]}" onto public void org.personal.mason.feop.server.blog.mvc.controllers.CommentController.findBlogSectionComments(java.lang.Long,java.lang.Integer,java.lang.Integer,org.springframework.ui.Model)
2013-08-23 23:57:55 [localhost-startStop-1] [INFO ] [o.s.w.s.m.m.a.RequestMappingHandlerMapping      ] - Mapped "{[/comment/c/list],methods=[GET],params=[],headers=[],consumes=[],produces=[],custom=[]}" onto public void org.personal.mason.feop.server.blog.mvc.controllers.CommentController.findCommentComments(java.lang.Long,java.lang.Integer,java.lang.Integer,org.springframework.ui.Model)
2013-08-23 23:57:55 [localhost-startStop-1] [INFO ] [o.s.w.s.m.m.a.RequestMappingHandlerMapping      ] - Mapped "{[/media/delete],methods=[DELETE],params=[],headers=[],consumes=[],produces=[],custom=[]}" onto public void org.personal.mason.feop.server.blog.mvc.controllers.MediaInfoController.delete(java.lang.Long)
2013-08-23 23:57:55 [localhost-startStop-1] [INFO ] [o.s.w.s.m.m.a.RequestMappingHandlerMapping      ] - Mapped "{[/media/update],methods=[GET],params=[],headers=[],consumes=[],produces=[],custom=[]}" onto public java.lang.String org.personal.mason.feop.server.blog.mvc.controllers.MediaInfoController.updateMedia(java.lang.Long,org.springframework.ui.Model)
2013-08-23 23:57:55 [localhost-startStop-1] [INFO ] [o.s.w.s.m.m.a.RequestMappingHandlerMapping      ] - Mapped "{[/media/update],methods=[POST],params=[],headers=[],consumes=[],produces=[],custom=[]}" onto public java.lang.String org.personal.mason.feop.server.blog.mvc.controllers.MediaInfoController.updateMedia(org.personal.mason.feop.server.blog.mvc.model.MediaInfoModel,org.springframework.validation.BindingResult)
2013-08-23 23:57:55 [localhost-startStop-1] [INFO ] [o.s.w.s.m.m.a.RequestMappingHandlerMapping      ] - Mapped "{[/media/save],methods=[POST],params=[],headers=[],consumes=[],produces=[],custom=[]}" onto public java.lang.String org.personal.mason.feop.server.blog.mvc.controllers.MediaInfoController.saveMedia(org.personal.mason.feop.server.blog.mvc.model.MediaInfoModel,org.springframework.validation.BindingResult,java.security.Principal)
2013-08-23 23:57:55 [localhost-startStop-1] [INFO ] [o.s.w.s.m.m.a.RequestMappingHandlerMapping      ] - Mapped "{[/media/m/list],methods=[GET],params=[],headers=[],consumes=[],produces=[],custom=[]}" onto public java.lang.String org.personal.mason.feop.server.blog.mvc.controllers.MediaInfoController.findMyMedia(java.lang.Integer,java.lang.Integer,java.security.Principal,org.springframework.ui.Model)
2013-08-23 23:57:55 [localhost-startStop-1] [INFO ] [o.s.w.s.m.m.a.RequestMappingHandlerMapping      ] - Mapped "{[/media/list],methods=[GET],params=[],headers=[],consumes=[],produces=[],custom=[]}" onto public java.lang.String org.personal.mason.feop.server.blog.mvc.controllers.MediaInfoController.findMyMediaByType(java.lang.String,java.lang.Integer,java.lang.Integer,java.security.Principal,org.springframework.ui.Model)
2013-08-23 23:57:55 [localhost-startStop-1] [INFO ] [o.s.w.s.m.m.a.RequestMappingHandlerMapping      ] - Mapped "{[/media/create],methods=[GET],params=[],headers=[],consumes=[],produces=[],custom=[]}" onto public java.lang.String org.personal.mason.feop.server.blog.mvc.controllers.MediaInfoController.createMedia(org.springframework.ui.Model)
2013-08-23 23:57:55 [localhost-startStop-1] [INFO ] [o.s.w.s.m.m.a.RequestMappingHandlerMapping      ] - Mapped "{[/index1],methods=[GET],params=[],headers=[],consumes=[],produces=[],custom=[]}" onto public java.lang.String org.personal.mason.feop.server.blog.mvc.controllers.ServerController.index1()
2013-08-23 23:57:55 [localhost-startStop-1] [INFO ] [o.s.w.s.m.m.a.RequestMappingHandlerMapping      ] - Mapped "{[/ || /index],methods=[GET],params=[],headers=[],consumes=[],produces=[],custom=[]}" onto public java.lang.String org.personal.mason.feop.server.blog.mvc.controllers.ServerController.index()
2013-08-23 23:57:55 [localhost-startStop-1] [INFO ] [o.s.w.s.m.m.a.RequestMappingHandlerMapping      ] - Mapped "{[/login],methods=[GET],params=[],headers=[],consumes=[],produces=[],custom=[]}" onto public java.lang.String org.personal.mason.feop.server.blog.mvc.controllers.ServerController.login()
2013-08-23 23:57:55 [localhost-startStop-1] [INFO ] [o.s.w.s.m.m.a.RequestMappingHandlerMapping      ] - Mapped "{[/logout],methods=[GET],params=[],headers=[],consumes=[],produces=[],custom=[]}" onto public java.lang.String org.personal.mason.feop.server.blog.mvc.controllers.ServerController.logout()
2013-08-23 23:57:55 [localhost-startStop-1] [INFO ] [o.s.w.s.m.m.a.RequestMappingHandlerMapping      ] - Mapped "{[/home],methods=[GET],params=[],headers=[],consumes=[],produces=[],custom=[]}" onto public java.lang.String org.personal.mason.feop.server.blog.mvc.controllers.ServerController.home(java.security.Principal)
2013-08-23 23:57:55 [localhost-startStop-1] [INFO ] [o.s.w.s.m.m.a.RequestMappingHandlerMapping      ] - Mapped "{[/sery/list],methods=[GET],params=[],headers=[],consumes=[],produces=[],custom=[]}" onto public java.lang.String org.personal.mason.feop.server.blog.mvc.controllers.SeryController.findByName(java.lang.String,java.lang.Integer,java.lang.Integer,org.springframework.ui.Model)
2013-08-23 23:57:55 [localhost-startStop-1] [INFO ] [o.s.w.s.m.m.a.RequestMappingHandlerMapping      ] - Mapped "{[/sery/c/list],methods=[GET],params=[],headers=[],consumes=[],produces=[],custom=[]}" onto public java.lang.String org.personal.mason.feop.server.blog.mvc.controllers.SeryController.findByCategory(java.lang.Long,java.lang.Integer,java.lang.Integer,org.springframework.ui.Model)
2013-08-23 23:57:55 [localhost-startStop-1] [INFO ] [o.s.w.s.m.m.a.RequestMappingHandlerMapping      ] - Mapped "{[/sery/create],methods=[GET],params=[],headers=[],consumes=[],produces=[],custom=[]}" onto public java.lang.String org.personal.mason.feop.server.blog.mvc.controllers.SeryController.createSery(org.springframework.ui.Model)
2013-08-23 23:57:55 [localhost-startStop-1] [INFO ] [o.s.w.s.m.m.a.RequestMappingHandlerMapping      ] - Mapped "{[/sery/save],methods=[POST],params=[],headers=[],consumes=[],produces=[],custom=[]}" onto public java.lang.String org.personal.mason.feop.server.blog.mvc.controllers.SeryController.saveSery(org.personal.mason.feop.server.blog.mvc.model.SeryModel,org.springframework.validation.BindingResult)
2013-08-23 23:57:55 [localhost-startStop-1] [INFO ] [o.s.w.s.m.m.a.RequestMappingHandlerMapping      ] - Mapped "{[/sery/delete],methods=[DELETE],params=[],headers=[],consumes=[],produces=[],custom=[]}" onto public void org.personal.mason.feop.server.blog.mvc.controllers.SeryController.deleteSery(java.lang.Long)
2013-08-23 23:57:55 [localhost-startStop-1] [INFO ] [o.s.w.s.m.m.a.RequestMappingHandlerMapping      ] - Mapped "{[/sub/create],methods=[GET],params=[],headers=[],consumes=[],produces=[],custom=[]}" onto public java.lang.String org.personal.mason.feop.server.blog.mvc.controllers.SubscribeController.createSubscribe(java.security.Principal)
2013-08-23 23:57:55 [localhost-startStop-1] [INFO ] [o.s.w.s.m.m.a.RequestMappingHandlerMapping      ] - Mapped "{[/sub/add],methods=[GET],params=[],headers=[],consumes=[],produces=[],custom=[]}" onto public void org.personal.mason.feop.server.blog.mvc.controllers.SubscribeController.subscribeBlog(java.lang.Long,java.lang.Long,java.lang.Long,java.security.Principal)
2013-08-23 23:57:55 [localhost-startStop-1] [INFO ] [o.s.w.s.m.m.a.RequestMappingHandlerMapping      ] - Mapped "{[/sub/del],methods=[DELETE],params=[],headers=[],consumes=[],produces=[],custom=[]}" onto public void org.personal.mason.feop.server.blog.mvc.controllers.SubscribeController.unsubscribeBlog(java.lang.Long,java.lang.Long,java.lang.Long,java.security.Principal)
2013-08-23 23:57:55 [localhost-startStop-1] [INFO ] [o.s.w.s.m.m.a.RequestMappingHandlerMapping      ] - Mapped "{[/sub/m/list],methods=[GET],params=[],headers=[],consumes=[],produces=[],custom=[]}" onto public java.lang.String org.personal.mason.feop.server.blog.mvc.controllers.SubscribeController.findMySubscribe(java.security.Principal,org.springframework.ui.Model)
2013-08-23 23:57:55 [localhost-startStop-1] [INFO ] [o.s.w.s.m.m.a.RequestMappingHandlerMapping      ] - Mapped "{[/tag/create],methods=[GET],params=[],headers=[],consumes=[],produces=[],custom=[]}" onto public void org.personal.mason.feop.server.blog.mvc.controllers.TagController.createTag(java.lang.String)
2013-08-23 23:57:55 [localhost-startStop-1] [INFO ] [o.s.w.s.m.m.a.RequestMappingHandlerMapping      ] - Mapped "{[/tag/list],methods=[],params=[],headers=[],consumes=[],produces=[],custom=[]}" onto public java.lang.String org.personal.mason.feop.server.blog.mvc.controllers.TagController.findTags(java.lang.String,org.springframework.ui.Model)
2013-08-23 23:57:55 [localhost-startStop-1] [INFO ] [o.s.w.s.m.m.a.RequestMappingHandlerMapping      ] - Mapped "{[/me/info],methods=[GET],params=[],headers=[],consumes=[],produces=[],custom=[]}" onto public java.lang.String org.personal.mason.feop.server.blog.mvc.controllers.UserController.myInfo(org.springframework.ui.Model)
2013-08-23 23:57:55 [localhost-startStop-1] [INFO ] [o.s.w.s.m.m.a.RequestMappingHandlerMapping      ] - Mapped "{[/signin/oauth],methods=[],params=[],headers=[],consumes=[],produces=[],custom=[]}" onto public java.lang.String org.personal.mason.feop.server.blog.mvc.controllers.UserController.oauthUserAuthorized(java.lang.String)
2013-08-23 23:57:56 [localhost-startStop-1] [INFO ] [o.s.web.servlet.handler.SimpleUrlHandlerMapping ] - Mapped URL path [/resources/**] onto handler 'org.springframework.web.servlet.resource.ResourceHttpRequestHandler#0'
2013-08-23 23:57:56 [localhost-startStop-1] [INFO ] [o.s.web.servlet.handler.SimpleUrlHandlerMapping ] - Mapped URL path [/**] onto handler 'org.springframework.web.servlet.resource.DefaultServletHttpRequestHandler#0'
2013-08-23 23:57:56 [localhost-startStop-1] [INFO ] [o.springframework.web.servlet.DispatcherServlet ] - FrameworkServlet 'blog': initialization completed in 2000 ms
